<?xml version="1.0" encoding="UTF-8"?>
<robot generator="Robot 3.1.1 (Python 3.6.7 on win32)" generated="20190614 13:07:14.213" rpa="false">
<suite id="s1" name="Groupe1" source="C:\development\robot-scripts\DREHD\tests\Groupe1.robot">
<kw name="Run Keywords" library="BuiltIn" type="setup">
<doc>Executes all the given keywords in a sequence.</doc>
<arguments>
<arg>commun.Begin Web Test</arg>
<arg>Get DateTime</arg>
</arguments>
<kw name="Begin Web Test" library="commun">
<kw name="Open Browser" library="SeleniumLibrary">
<doc>Opens a new browser instance to the given ``url``.</doc>
<arguments>
<arg>about:blank</arg>
<arg>${BROWSER}</arg>
</arguments>
<msg timestamp="20190614 13:07:14.546" level="INFO">Opening browser 'chrome' to base url 'about:blank'.</msg>
<status status="PASS" starttime="20190614 13:07:14.546" endtime="20190614 13:07:18.013"></status>
</kw>
<kw name="Maximize Browser Window" library="SeleniumLibrary">
<doc>Maximizes current browser window.</doc>
<status status="PASS" starttime="20190614 13:07:18.013" endtime="20190614 13:07:19.177"></status>
</kw>
<status status="PASS" starttime="20190614 13:07:14.546" endtime="20190614 13:07:19.177"></status>
</kw>
<kw name="Get DateTime">
<kw name="Get Current Date" library="DateTime">
<doc>Returns current local or UTC time with an optional increment.</doc>
<assign>
<var>${INTITULE_PROJET}</var>
</assign>
<msg timestamp="20190614 13:07:19.177" level="INFO">${INTITULE_PROJET} = 2019-06-14 13:07:19.177</msg>
<status status="PASS" starttime="20190614 13:07:19.177" endtime="20190614 13:07:19.177"></status>
</kw>
<kw name="Set Suite Variable" library="BuiltIn">
<doc>Makes a variable available everywhere within the scope of the current suite.</doc>
<arguments>
<arg>${INTITULE_PROJET}</arg>
</arguments>
<msg timestamp="20190614 13:07:19.177" level="INFO">${INTITULE_PROJET} = 2019-06-14 13:07:19.177</msg>
<status status="PASS" starttime="20190614 13:07:19.177" endtime="20190614 13:07:19.177"></status>
</kw>
<status status="PASS" starttime="20190614 13:07:19.177" endtime="20190614 13:07:19.177"></status>
</kw>
<status status="PASS" starttime="20190614 13:07:14.545" endtime="20190614 13:07:19.177"></status>
</kw>
<test id="s1-t1" name="Demandeur/ Saisie de la demande En Création">
<kw name="Acceder Au Site" library="Création">
<kw name="Charger La page" library="Création_ressources">
<kw name="Go To" library="SeleniumLibrary">
<doc>Navigates the active browser instance to the provided ``url``.</doc>
<arguments>
<arg>${WEBSITE_URL}</arg>
</arguments>
<msg timestamp="20190614 13:07:19.177" level="INFO">Opening url 'http://dv0bywsc05.rouen.francetelecom.fr/debug.php/api/auth/login?cuid=LBCS8421'</msg>
<status status="PASS" starttime="20190614 13:07:19.177" endtime="20190614 13:07:40.057"></status>
</kw>
<kw name="Sleep" library="BuiltIn">
<doc>Pauses the test executed for the given time.</doc>
<arguments>
<arg>2s</arg>
</arguments>
<msg timestamp="20190614 13:07:42.058" level="INFO">Slept 2 seconds</msg>
<status status="PASS" starttime="20190614 13:07:40.057" endtime="20190614 13:07:42.058"></status>
</kw>
<kw name="Wait Until Page Contains Element" library="SeleniumLibrary">
<doc>Waits until element ``locator`` appears on current page.</doc>
<arguments>
<arg>xpath=/html/body/div[2]/div[4]/div[1]/div</arg>
<arg>50s</arg>
</arguments>
<status status="PASS" starttime="20190614 13:07:42.059" endtime="20190614 13:07:42.522"></status>
</kw>
<kw name="Click Element" library="SeleniumLibrary">
<doc>Click element identified by ``locator``.</doc>
<arguments>
<arg>xpath=/html/body/div[2]/div[4]/div[1]/div</arg>
</arguments>
<msg timestamp="20190614 13:07:42.522" level="INFO">Clicking element 'xpath=/html/body/div[2]/div[4]/div[1]/div'.</msg>
<status status="PASS" starttime="20190614 13:07:42.522" endtime="20190614 13:07:42.582"></status>
</kw>
<status status="PASS" starttime="20190614 13:07:19.177" endtime="20190614 13:07:42.583"></status>
</kw>
<kw name="Verifier que la page est bien charge" library="Création_ressources">
<kw name="Wait Until Page Contains" library="SeleniumLibrary">
<doc>Waits until ``text`` appears on current page.</doc>
<arguments>
<arg>Choisir Le profile</arg>
</arguments>
<status status="PASS" starttime="20190614 13:07:42.583" endtime="20190614 13:07:42.601"></status>
</kw>
<status status="PASS" starttime="20190614 13:07:42.583" endtime="20190614 13:07:42.602"></status>
</kw>
<status status="PASS" starttime="20190614 13:07:19.177" endtime="20190614 13:07:42.602"></status>
</kw>
<kw name="Creation d'une demande" library="Création">
<arguments>
<arg>Nouveau matériel</arg>
<arg>${INTITULE_PROJET}</arg>
</arguments>
<kw name="Creer nouvelle demande" library="Création_ressources">
<kw name="Mouse Over" library="SeleniumLibrary">
<doc>Simulates hovering mouse over the element ``locator``.</doc>
<arguments>
<arg>xpath=/html/body/header/div/ul/li[1]/a</arg>
</arguments>
<msg timestamp="20190614 13:07:42.603" level="INFO">Simulating Mouse Over on element 'xpath=/html/body/header/div/ul/li[1]/a'.</msg>
<status status="PASS" starttime="20190614 13:07:42.603" endtime="20190614 13:07:42.636"></status>
</kw>
<kw name="Page Should Contain Element" library="SeleniumLibrary">
<doc>Verifies that element ``locator`` is found on the current page.</doc>
<arguments>
<arg>xpath=/html/body/header/div/ul/li[1]/ul</arg>
<arg>5s</arg>
</arguments>
<msg timestamp="20190614 13:07:42.649" level="INFO">Current page contains element 'xpath=/html/body/header/div/ul/li[1]/ul'.</msg>
<status status="PASS" starttime="20190614 13:07:42.636" endtime="20190614 13:07:42.649"></status>
</kw>
<kw name="Click Link" library="SeleniumLibrary">
<doc>Clicks a link identified by ``locator``.</doc>
<arguments>
<arg>xpath=/html/body/header/div/ul/li[1]/ul/li[2]/a</arg>
</arguments>
<msg timestamp="20190614 13:07:42.650" level="INFO">Clicking link 'xpath=/html/body/header/div/ul/li[1]/ul/li[2]/a'.</msg>
<status status="PASS" starttime="20190614 13:07:42.650" endtime="20190614 13:07:46.384"></status>
</kw>
<kw name="Wait Until Page Contains" library="SeleniumLibrary">
<doc>Waits until ``text`` appears on current page.</doc>
<arguments>
<arg>Edition de la demande</arg>
</arguments>
<status status="PASS" starttime="20190614 13:07:46.384" endtime="20190614 13:07:46.400"></status>
</kw>
<status status="PASS" starttime="20190614 13:07:42.603" endtime="20190614 13:07:46.400"></status>
</kw>
<kw name="Renseigner la description du projet" library="Création_ressources">
<arguments>
<arg>${numb}</arg>
<arg>${INTITULE_PROJET}</arg>
</arguments>
<kw name="Click Element" library="SeleniumLibrary">
<doc>Click element identified by ``locator``.</doc>
<arguments>
<arg>xpath=//*[@id="projet"]/div/div[1]/div/div[2]/select</arg>
</arguments>
<msg timestamp="20190614 13:07:46.401" level="INFO">Clicking element 'xpath=//*[@id="projet"]/div/div[1]/div/div[2]/select'.</msg>
<status status="PASS" starttime="20190614 13:07:46.401" endtime="20190614 13:07:46.479"></status>
</kw>
<kw name="Click Element" library="SeleniumLibrary">
<doc>Click element identified by ``locator``.</doc>
<arguments>
<arg>xpath=//*[@id="projet"]/div/div[1]/div/div[2]/select/option[2]</arg>
</arguments>
<msg timestamp="20190614 13:07:46.479" level="INFO">Clicking element 'xpath=//*[@id="projet"]/div/div[1]/div/div[2]/select/option[2]'.</msg>
<status status="PASS" starttime="20190614 13:07:46.479" endtime="20190614 13:07:46.608"></status>
</kw>
<kw name="Select From List By Label" library="SeleniumLibrary">
<doc>Selects options from selection list ``locator`` by ``labels``.</doc>
<arguments>
<arg>xpath=//select[@name='objet_demande']</arg>
<arg>${number}</arg>
</arguments>
<msg timestamp="20190614 13:07:46.609" level="INFO">Selecting options from selection list 'xpath=//select[@name='objet_demande']' by label Nouveau matériel.</msg>
<status status="PASS" starttime="20190614 13:07:46.609" endtime="20190614 13:07:46.703"></status>
</kw>
<kw name="Clear Element Text" library="SeleniumLibrary">
<doc>Clears the value of text entry element identified by ``locator``.</doc>
<arguments>
<arg>name=date_livraison</arg>
</arguments>
<status status="PASS" starttime="20190614 13:07:46.703" endtime="20190614 13:07:46.769"></status>
</kw>
<kw name="Input Text" library="SeleniumLibrary">
<doc>Types the given ``text`` into text field identified by ``locator``.</doc>
<arguments>
<arg>name=date_livraison</arg>
<arg>${DATE_PROJET}</arg>
</arguments>
<msg timestamp="20190614 13:07:46.769" level="INFO">Typing text '23/04/2019' into text field 'name=date_livraison'.</msg>
<status status="PASS" starttime="20190614 13:07:46.769" endtime="20190614 13:07:46.965"></status>
</kw>
<kw name="Input Text" library="SeleniumLibrary">
<doc>Types the given ``text`` into text field identified by ``locator``.</doc>
<arguments>
<arg>name=date_fin_souhaitee</arg>
<arg>26/04/2019</arg>
</arguments>
<msg timestamp="20190614 13:07:46.966" level="INFO">Typing text '26/04/2019' into text field 'name=date_fin_souhaitee'.</msg>
<status status="PASS" starttime="20190614 13:07:46.966" endtime="20190614 13:07:47.171"></status>
</kw>
<kw name="Clear Element Text" library="SeleniumLibrary">
<doc>Clears the value of text entry element identified by ``locator``.</doc>
<arguments>
<arg>name=projet</arg>
</arguments>
<status status="PASS" starttime="20190614 13:07:47.172" endtime="20190614 13:07:47.214"></status>
</kw>
<kw name="Input Text" library="SeleniumLibrary">
<doc>Types the given ``text`` into text field identified by ``locator``.</doc>
<arguments>
<arg>name=projet</arg>
<arg>${INTITULE_PROJET}</arg>
</arguments>
<msg timestamp="20190614 13:07:47.215" level="INFO">Typing text '2019-06-14 13:07:19.177' into text field 'name=projet'.</msg>
<status status="PASS" starttime="20190614 13:07:47.215" endtime="20190614 13:07:47.419"></status>
</kw>
<kw name="Clear Element Text" library="SeleniumLibrary">
<doc>Clears the value of text entry element identified by ``locator``.</doc>
<arguments>
<arg>name=desc_demande</arg>
</arguments>
<status status="PASS" starttime="20190614 13:07:47.419" endtime="20190614 13:07:47.457"></status>
</kw>
<kw name="Input Text" library="SeleniumLibrary">
<doc>Types the given ``text`` into text field identified by ``locator``.</doc>
<arguments>
<arg>name=desc_demande</arg>
<arg>${DESCRIPTION_PROJET}</arg>
</arguments>
<msg timestamp="20190614 13:07:47.457" level="INFO">Typing text 'Description de projet' into text field 'name=desc_demande'.</msg>
<status status="PASS" starttime="20190614 13:07:47.457" endtime="20190614 13:07:47.591"></status>
</kw>
<status status="PASS" starttime="20190614 13:07:46.401" endtime="20190614 13:07:47.591"></status>
</kw>
<kw name="Renseigner l'implantation" library="Création_ressources">
<kw name="Select From List By Label" library="SeleniumLibrary">
<doc>Selects options from selection list ``locator`` by ``labels``.</doc>
<arguments>
<arg>xpath=//select[@name='datacenter']</arg>
<arg>NORMANDIE OREE</arg>
</arguments>
<msg timestamp="20190614 13:07:47.593" level="INFO">Selecting options from selection list 'xpath=//select[@name='datacenter']' by label NORMANDIE OREE.</msg>
<status status="PASS" starttime="20190614 13:07:47.592" endtime="20190614 13:07:47.675"></status>
</kw>
<status status="PASS" starttime="20190614 13:07:47.592" endtime="20190614 13:07:47.675"></status>
</kw>
<kw name="Renseigner Info Complementaire" library="Création_ressources">
<kw name="Select From List By Label" library="SeleniumLibrary">
<doc>Selects options from selection list ``locator`` by ``labels``.</doc>
<arguments>
<arg>xpath=//select[@name='infra']</arg>
<arg>GW HORS PROD 1</arg>
</arguments>
<msg timestamp="20190614 13:07:47.676" level="INFO">Selecting options from selection list 'xpath=//select[@name='infra']' by label GW HORS PROD 1.</msg>
<status status="PASS" starttime="20190614 13:07:47.675" endtime="20190614 13:07:47.756"></status>
</kw>
<kw name="Wait Until Element Is Visible" library="SeleniumLibrary">
<doc>Waits until element ``locator`` is visible.</doc>
<arguments>
<arg>xpath=//select[@name='responsable_patrimonial']</arg>
<arg>50s</arg>
</arguments>
<status status="PASS" starttime="20190614 13:07:47.756" endtime="20190614 13:07:47.785"></status>
</kw>
<kw name="Select From List By Value" library="SeleniumLibrary">
<doc>Selects options from selection list ``locator`` by ``values``.</doc>
<arguments>
<arg>xpath=//select[@name='responsable_patrimonial']</arg>
<arg>33</arg>
</arguments>
<msg timestamp="20190614 13:07:47.786" level="INFO">Selecting options from selection list 'xpath=//select[@name='responsable_patrimonial']' by value 33.</msg>
<status status="PASS" starttime="20190614 13:07:47.785" endtime="20190614 13:07:47.858"></status>
</kw>
<status status="PASS" starttime="20190614 13:07:47.675" endtime="20190614 13:07:47.858"></status>
</kw>
<status status="PASS" starttime="20190614 13:07:42.602" endtime="20190614 13:07:47.858"></status>
</kw>
<kw name="Enregistrer Les Informations" library="Création">
<kw name="Premier submit" library="Création_ressources">
<kw name="Execute Javascript" library="SeleniumLibrary">
<doc>Executes the given JavaScript code with possible arguments.</doc>
<arguments>
<arg>window.scrollTo(0, document.body.scrollHeight)</arg>
</arguments>
<msg timestamp="20190614 13:07:47.861" level="INFO">Executing JavaScript:
window.scrollTo(0, document.body.scrollHeight)
Without any arguments.</msg>
<status status="PASS" starttime="20190614 13:07:47.859" endtime="20190614 13:07:47.867"></status>
</kw>
<kw name="Click Button" library="SeleniumLibrary">
<doc>Clicks button identified by ``locator``.</doc>
<arguments>
<arg>name=save</arg>
</arguments>
<msg timestamp="20190614 13:07:47.868" level="INFO">Clicking button 'name=save'.</msg>
<status status="PASS" starttime="20190614 13:07:47.868" endtime="20190614 13:08:04.125"></status>
</kw>
<kw name="Wait Until Page Contains" library="SeleniumLibrary">
<doc>Waits until ``text`` appears on current page.</doc>
<arguments>
<arg>L'élément a été créé avec succès</arg>
</arguments>
<status status="PASS" starttime="20190614 13:08:04.126" endtime="20190614 13:08:04.153"></status>
</kw>
<status status="PASS" starttime="20190614 13:07:47.859" endtime="20190614 13:08:04.153"></status>
</kw>
<status status="PASS" starttime="20190614 13:07:47.859" endtime="20190614 13:08:04.154"></status>
</kw>
<kw name="Ajouter Nouveau Materiel" library="Création">
<kw name="Ajout materiel" library="Création_ressources">
<kw name="Click Link" library="SeleniumLibrary">
<doc>Clicks a link identified by ``locator``.</doc>
<arguments>
<arg>xpath=//a[.='Matériel']</arg>
</arguments>
<msg timestamp="20190614 13:08:04.155" level="INFO">Clicking link 'xpath=//a[.='Matériel']'.</msg>
<status status="PASS" starttime="20190614 13:08:04.155" endtime="20190614 13:08:21.495"></status>
</kw>
<kw name="Wait Until Page Contains" library="SeleniumLibrary">
<doc>Waits until ``text`` appears on current page.</doc>
<arguments>
<arg>Liste de Matériel</arg>
</arguments>
<status status="PASS" starttime="20190614 13:08:21.496" endtime="20190614 13:08:21.569"></status>
</kw>
<kw name="Click Link" library="SeleniumLibrary">
<doc>Clicks a link identified by ``locator``.</doc>
<arguments>
<arg>xpath=//a[.='Ajouter']</arg>
</arguments>
<msg timestamp="20190614 13:08:21.570" level="INFO">Clicking link 'xpath=//a[.='Ajouter']'.</msg>
<status status="PASS" starttime="20190614 13:08:21.570" endtime="20190614 13:08:24.651"></status>
</kw>
<kw name="Wait Until Page Contains" library="SeleniumLibrary">
<doc>Waits until ``text`` appears on current page.</doc>
<arguments>
<arg>Détails Matériel</arg>
</arguments>
<status status="PASS" starttime="20190614 13:08:24.652" endtime="20190614 13:08:24.720"></status>
</kw>
<status status="PASS" starttime="20190614 13:08:04.154" endtime="20190614 13:08:24.720"></status>
</kw>
<kw name="Renseigner Info materiel" library="Création_ressources">
<kw name="Select From List By Value" library="SeleniumLibrary">
<doc>Selects options from selection list ``locator`` by ``values``.</doc>
<arguments>
<arg>xpath=//*[@id="categorie"]</arg>
<arg>Accessoires de Baie</arg>
</arguments>
<msg timestamp="20190614 13:08:24.721" level="INFO">Selecting options from selection list 'xpath=//*[@id="categorie"]' by value Accessoires de Baie.</msg>
<status status="PASS" starttime="20190614 13:08:24.721" endtime="20190614 13:08:24.803"></status>
</kw>
<kw name="Wait Until Page Contains" library="SeleniumLibrary">
<doc>Waits until ``text`` appears on current page.</doc>
<arguments>
<arg>FRANCE TELECOM</arg>
<arg>50s</arg>
</arguments>
<status status="PASS" starttime="20190614 13:08:24.803" endtime="20190614 13:08:25.038"></status>
</kw>
<kw name="Select From List By Value" library="SeleniumLibrary">
<doc>Selects options from selection list ``locator`` by ``values``.</doc>
<arguments>
<arg>xpath=//*[@id="contsructeur"]</arg>
<arg>FRANCE TELECOM</arg>
</arguments>
<msg timestamp="20190614 13:08:25.038" level="INFO">Selecting options from selection list 'xpath=//*[@id="contsructeur"]' by value FRANCE TELECOM.</msg>
<status status="PASS" starttime="20190614 13:08:25.038" endtime="20190614 13:08:25.133"></status>
</kw>
<kw name="Wait Until Page Contains" library="SeleniumLibrary">
<doc>Waits until ``text`` appears on current page.</doc>
<arguments>
<arg>Plateau générique 19 pouces</arg>
<arg>50s</arg>
</arguments>
<status status="PASS" starttime="20190614 13:08:25.134" endtime="20190614 13:08:25.410"></status>
</kw>
<kw name="Select From List By Value" library="SeleniumLibrary">
<doc>Selects options from selection list ``locator`` by ``values``.</doc>
<arguments>
<arg>xpath=//*[@id="modele"]</arg>
<arg>Plateau générique 19 pouces</arg>
</arguments>
<msg timestamp="20190614 13:08:25.410" level="INFO">Selecting options from selection list 'xpath=//*[@id="modele"]' by value Plateau générique 19 pouces.</msg>
<status status="PASS" starttime="20190614 13:08:25.410" endtime="20190614 13:08:25.504"></status>
</kw>
<kw name="Wait Until Page Contains" library="SeleniumLibrary">
<doc>Waits until ``text`` appears on current page.</doc>
<arguments>
<arg>MECANO</arg>
<arg>50s</arg>
</arguments>
<status status="PASS" starttime="20190614 13:08:25.504" endtime="20190614 13:08:25.738"></status>
</kw>
<kw name="Select From List By Value" library="SeleniumLibrary">
<doc>Selects options from selection list ``locator`` by ``values``.</doc>
<arguments>
<arg>xpath=//*[@id="reference"]</arg>
<arg>MECANO</arg>
</arguments>
<msg timestamp="20190614 13:08:25.739" level="INFO">Selecting options from selection list 'xpath=//*[@id="reference"]' by value MECANO.</msg>
<status status="PASS" starttime="20190614 13:08:25.739" endtime="20190614 13:08:25.851"></status>
</kw>
<kw name="Input Text" library="SeleniumLibrary">
<doc>Types the given ``text`` into text field identified by ``locator``.</doc>
<arguments>
<arg>name=hostname_parent</arg>
<arg>hostname</arg>
</arguments>
<msg timestamp="20190614 13:08:25.851" level="INFO">Typing text 'hostname' into text field 'name=hostname_parent'.</msg>
<status status="PASS" starttime="20190614 13:08:25.851" endtime="20190614 13:08:26.010"></status>
</kw>
<kw name="Input Text" library="SeleniumLibrary">
<doc>Types the given ``text`` into text field identified by ``locator``.</doc>
<arguments>
<arg>name=nbre_alimentation</arg>
<arg>5</arg>
</arguments>
<msg timestamp="20190614 13:08:26.010" level="INFO">Typing text '5' into text field 'name=nbre_alimentation'.</msg>
<status status="PASS" starttime="20190614 13:08:26.010" endtime="20190614 13:08:26.101"></status>
</kw>
<kw name="Execute Javascript" library="SeleniumLibrary">
<doc>Executes the given JavaScript code with possible arguments.</doc>
<arguments>
<arg>window.scrollTo(0, document.body.scrollHeight)</arg>
</arguments>
<msg timestamp="20190614 13:08:26.103" level="INFO">Executing JavaScript:
window.scrollTo(0, document.body.scrollHeight)
Without any arguments.</msg>
<status status="PASS" starttime="20190614 13:08:26.102" endtime="20190614 13:08:26.109"></status>
</kw>
<kw name="Click Button" library="SeleniumLibrary">
<doc>Clicks button identified by ``locator``.</doc>
<arguments>
<arg>id=bt_save_materiel</arg>
</arguments>
<msg timestamp="20190614 13:08:26.109" level="INFO">Clicking button 'id=bt_save_materiel'.</msg>
<status status="PASS" starttime="20190614 13:08:26.109" endtime="20190614 13:08:28.809"></status>
</kw>
<status status="PASS" starttime="20190614 13:08:24.720" endtime="20190614 13:08:28.810"></status>
</kw>
<status status="PASS" starttime="20190614 13:08:04.154" endtime="20190614 13:08:28.810"></status>
</kw>
<kw name="Detail Cablage" library="Création">
<kw name="Renseigner Info cablage" library="Création_ressources">
<kw name="Wait Until Page Contains" library="SeleniumLibrary">
<doc>Waits until ``text`` appears on current page.</doc>
<arguments>
<arg>Liste de Matériel</arg>
</arguments>
<status status="PASS" starttime="20190614 13:08:28.813" endtime="20190614 13:08:28.854"></status>
</kw>
<kw name="Click Image" library="SeleniumLibrary">
<doc>Clicks an image identified by ``locator``.</doc>
<arguments>
<arg>xpath=//img[@src='/debug.php/assets/v3/drehdlib/images/icon2.png']</arg>
</arguments>
<msg timestamp="20190614 13:08:28.855" level="INFO">Clicking image 'xpath=//img[@src='/debug.php/assets/v3/drehdlib/images/icon2.png']'.</msg>
<status status="PASS" starttime="20190614 13:08:28.855" endtime="20190614 13:08:31.357"></status>
</kw>
<kw name="Wait Until Page Contains" library="SeleniumLibrary">
<doc>Waits until ``text`` appears on current page.</doc>
<arguments>
<arg>Edition du cablage</arg>
</arguments>
<status status="PASS" starttime="20190614 13:08:31.357" endtime="20190614 13:08:31.400"></status>
</kw>
<kw name="Click Button" library="SeleniumLibrary">
<doc>Clicks button identified by ``locator``.</doc>
<arguments>
<arg>id=addLigne</arg>
</arguments>
<msg timestamp="20190614 13:08:31.400" level="INFO">Clicking button 'id=addLigne'.</msg>
<status status="PASS" starttime="20190614 13:08:31.400" endtime="20190614 13:08:31.488"></status>
</kw>
<kw name="Wait Until Page Contains" library="SeleniumLibrary">
<doc>Waits until ``text`` appears on current page.</doc>
<arguments>
<arg>Traiter une ligne de cablage</arg>
</arguments>
<status status="PASS" starttime="20190614 13:08:31.488" endtime="20190614 13:08:31.506"></status>
</kw>
<kw name="Wait Until Page Contains" library="SeleniumLibrary">
<doc>Waits until ``text`` appears on current page.</doc>
<arguments>
<arg>Nombre</arg>
</arguments>
<status status="PASS" starttime="20190614 13:08:31.506" endtime="20190614 13:08:31.521"></status>
</kw>
<kw name="Sleep" library="BuiltIn">
<doc>Pauses the test executed for the given time.</doc>
<arguments>
<arg>1s</arg>
</arguments>
<msg timestamp="20190614 13:08:32.523" level="INFO">Slept 1 second</msg>
<status status="PASS" starttime="20190614 13:08:31.521" endtime="20190614 13:08:32.523"></status>
</kw>
<kw name="Input Text" library="SeleniumLibrary">
<doc>Types the given ``text`` into text field identified by ``locator``.</doc>
<arguments>
<arg>//input[@name="nombre"]</arg>
<arg>5</arg>
</arguments>
<msg timestamp="20190614 13:08:32.523" level="INFO">Typing text '5' into text field '//input[@name="nombre"]'.</msg>
<status status="PASS" starttime="20190614 13:08:32.523" endtime="20190614 13:08:32.589"></status>
</kw>
<kw name="Sleep" library="BuiltIn">
<doc>Pauses the test executed for the given time.</doc>
<arguments>
<arg>1s</arg>
</arguments>
<msg timestamp="20190614 13:08:33.591" level="INFO">Slept 1 second</msg>
<status status="PASS" starttime="20190614 13:08:32.590" endtime="20190614 13:08:33.591"></status>
</kw>
<kw name="Input Text" library="SeleniumLibrary">
<doc>Types the given ``text`` into text field identified by ``locator``.</doc>
<arguments>
<arg>//input[@name="destination"]</arg>
<arg>destination</arg>
</arguments>
<msg timestamp="20190614 13:08:33.592" level="INFO">Typing text 'destination' into text field '//input[@name="destination"]'.</msg>
<status status="PASS" starttime="20190614 13:08:33.592" endtime="20190614 13:08:33.736"></status>
</kw>
<kw name="Click Element" library="SeleniumLibrary">
<doc>Click element identified by ``locator``.</doc>
<arguments>
<arg>//button[@id="enregistrer-ligne"]</arg>
</arguments>
<msg timestamp="20190614 13:08:33.736" level="INFO">Clicking element '//button[@id="enregistrer-ligne"]'.</msg>
<status status="PASS" starttime="20190614 13:08:33.736" endtime="20190614 13:08:33.802"></status>
</kw>
<kw name="Wait Until Page Contains" library="SeleniumLibrary">
<doc>Waits until ``text`` appears on current page.</doc>
<arguments>
<arg>LAN</arg>
</arguments>
<status status="PASS" starttime="20190614 13:08:33.802" endtime="20190614 13:08:33.821"></status>
</kw>
<kw name="Sleep" library="BuiltIn">
<doc>Pauses the test executed for the given time.</doc>
<arguments>
<arg>2s</arg>
</arguments>
<msg timestamp="20190614 13:08:35.822" level="INFO">Slept 2 seconds</msg>
<status status="PASS" starttime="20190614 13:08:33.821" endtime="20190614 13:08:35.822"></status>
</kw>
<kw name="Click Link" library="SeleniumLibrary">
<doc>Clicks a link identified by ``locator``.</doc>
<arguments>
<arg>xpath=//*[@id="send"]</arg>
</arguments>
<msg timestamp="20190614 13:08:35.823" level="INFO">Clicking link 'xpath=//*[@id="send"]'.</msg>
<status status="PASS" starttime="20190614 13:08:35.822" endtime="20190614 13:08:36.383"></status>
</kw>
<status status="PASS" starttime="20190614 13:08:28.811" endtime="20190614 13:08:36.383"></status>
</kw>
<status status="PASS" starttime="20190614 13:08:28.811" endtime="20190614 13:08:36.384"></status>
</kw>
<kw name="Soumettre Sa demande" library="Création">
<kw name="Deposer Demande" library="Création_ressources">
<kw name="Click Link" library="SeleniumLibrary">
<doc>Clicks a link identified by ``locator``.</doc>
<arguments>
<arg>xpath=/html/body/main/div/a[1]</arg>
</arguments>
<msg timestamp="20190614 13:08:36.388" level="INFO">Clicking link 'xpath=/html/body/main/div/a[1]'.</msg>
<status status="PASS" starttime="20190614 13:08:36.388" endtime="20190614 13:08:50.595"></status>
</kw>
<kw name="Execute Javascript" library="SeleniumLibrary">
<doc>Executes the given JavaScript code with possible arguments.</doc>
<arguments>
<arg>window.scrollTo(0, document.body.scrollHeight)</arg>
</arguments>
<msg timestamp="20190614 13:08:50.598" level="INFO">Executing JavaScript:
window.scrollTo(0, document.body.scrollHeight)
Without any arguments.</msg>
<status status="PASS" starttime="20190614 13:08:50.596" endtime="20190614 13:08:50.673"></status>
</kw>
<kw name="Click Link" library="SeleniumLibrary">
<doc>Clicks a link identified by ``locator``.</doc>
<arguments>
<arg>xpath=/html/body/main/div/form/a[2]</arg>
</arguments>
<msg timestamp="20190614 13:08:50.673" level="INFO">Clicking link 'xpath=/html/body/main/div/form/a[2]'.</msg>
<status status="PASS" starttime="20190614 13:08:50.673" endtime="20190614 13:09:13.318"></status>
</kw>
<kw name="Wait Until Page Contains" library="SeleniumLibrary">
<doc>Waits until ``text`` appears on current page.</doc>
<arguments>
<arg>La demande a été déposée avec succes</arg>
</arguments>
<status status="PASS" starttime="20190614 13:09:13.319" endtime="20190614 13:09:13.421"></status>
</kw>
<status status="PASS" starttime="20190614 13:08:36.387" endtime="20190614 13:09:13.422"></status>
</kw>
<status status="PASS" starttime="20190614 13:08:36.386" endtime="20190614 13:09:13.422"></status>
</kw>
<tags>
<tag>1</tag>
</tags>
<status status="PASS" starttime="20190614 13:07:19.177" endtime="20190614 13:09:13.422" critical="yes"></status>
</test>
<test id="s1-t2" name="Déposée Prise En Compte">
<kw name="Prendre en compte la demande" library="Déposée">
<arguments>
<arg>${INTITULE_PROJET}</arg>
</arguments>
<kw name="Charger La page d'accueil" library="Déposée_ressource">
<kw name="Go To" library="SeleniumLibrary">
<doc>Navigates the active browser instance to the provided ``url``.</doc>
<arguments>
<arg>${WEBSITE_Accueil}</arg>
</arguments>
<msg timestamp="20190614 13:09:13.426" level="INFO">Opening url 'http://dv0bywsc05.rouen.francetelecom.fr/debug.php/api/auth/login?cuid=qezezezec'</msg>
<status status="PASS" starttime="20190614 13:09:13.425" endtime="20190614 13:09:25.946"></status>
</kw>
<status status="PASS" starttime="20190614 13:09:13.425" endtime="20190614 13:09:25.947"></status>
</kw>
<kw name="Verifier que la page est bien charge" library="Déposée_ressource">
<kw name="Wait Until Page Contains" library="SeleniumLibrary">
<doc>Waits until ``text`` appears on current page.</doc>
<arguments>
<arg>Choisir Le profile</arg>
</arguments>
<status status="PASS" starttime="20190614 13:09:25.947" endtime="20190614 13:09:26.024"></status>
</kw>
<kw name="Sleep" library="BuiltIn">
<doc>Pauses the test executed for the given time.</doc>
<arguments>
<arg>2s</arg>
</arguments>
<msg timestamp="20190614 13:09:28.024" level="INFO">Slept 2 seconds</msg>
<status status="PASS" starttime="20190614 13:09:26.024" endtime="20190614 13:09:28.024"></status>
</kw>
<kw name="Fermer fenetre" library="commun">
<kw name="Run Keyword And Return Status" library="BuiltIn">
<doc>Runs the given keyword with given arguments and returns the status as a Boolean value.</doc>
<arguments>
<arg>Element Should Be Visible</arg>
<arg>xpath:/html/body/div[2]/div[4]/div[1]/div</arg>
</arguments>
<assign>
<var>${isvisible}</var>
</assign>
<kw name="Element Should Be Visible" library="SeleniumLibrary">
<doc>Verifies that the element identified by ``locator`` is visible.</doc>
<arguments>
<arg>xpath:/html/body/div[2]/div[4]/div[1]/div</arg>
</arguments>
<msg timestamp="20190614 13:09:28.051" level="INFO">Element 'xpath:/html/body/div[2]/div[4]/div[1]/div' is displayed.</msg>
<status status="PASS" starttime="20190614 13:09:28.025" endtime="20190614 13:09:28.051"></status>
</kw>
<msg timestamp="20190614 13:09:28.051" level="INFO">${isvisible} = True</msg>
<status status="PASS" starttime="20190614 13:09:28.025" endtime="20190614 13:09:28.051"></status>
</kw>
<kw name="Run Keyword If" library="BuiltIn">
<doc>Runs the given keyword with the given arguments, if ``condition`` is true.</doc>
<arguments>
<arg>${isvisible}</arg>
<arg>Clicker sur fermer</arg>
</arguments>
<kw name="Clicker sur fermer" library="commun">
<kw name="Wait Until Page Contains Element" library="SeleniumLibrary">
<doc>Waits until element ``locator`` appears on current page.</doc>
<arguments>
<arg>xpath=/html/body/div[2]/div[4]/div[1]/div</arg>
<arg>50s</arg>
</arguments>
<status status="PASS" starttime="20190614 13:09:28.052" endtime="20190614 13:09:28.061"></status>
</kw>
<kw name="Click Element" library="SeleniumLibrary">
<doc>Click element identified by ``locator``.</doc>
<arguments>
<arg>xpath=/html/body/div[2]/div[4]/div[1]/div</arg>
</arguments>
<msg timestamp="20190614 13:09:28.062" level="INFO">Clicking element 'xpath=/html/body/div[2]/div[4]/div[1]/div'.</msg>
<status status="PASS" starttime="20190614 13:09:28.062" endtime="20190614 13:09:28.108"></status>
</kw>
<status status="PASS" starttime="20190614 13:09:28.052" endtime="20190614 13:09:28.108"></status>
</kw>
<status status="PASS" starttime="20190614 13:09:28.052" endtime="20190614 13:09:28.108"></status>
</kw>
<status status="PASS" starttime="20190614 13:09:28.024" endtime="20190614 13:09:28.108"></status>
</kw>
<status status="PASS" starttime="20190614 13:09:25.947" endtime="20190614 13:09:28.109"></status>
</kw>
<kw name="effacer filtre" library="Déposée_ressource">
<kw name="Click Element" library="SeleniumLibrary">
<doc>Click element identified by ``locator``.</doc>
<arguments>
<arg>xpath=//a[contains(.,'Affiner le filtre')]</arg>
</arguments>
<msg timestamp="20190614 13:09:28.109" level="INFO">Clicking element 'xpath=//a[contains(.,'Affiner le filtre')]'.</msg>
<status status="PASS" starttime="20190614 13:09:28.109" endtime="20190614 13:09:28.191"></status>
</kw>
<kw name="Click Element" library="SeleniumLibrary">
<doc>Click element identified by ``locator``.</doc>
<arguments>
<arg>xpath=//a[.='Effacer le filtre']</arg>
</arguments>
<msg timestamp="20190614 13:09:28.192" level="INFO">Clicking element 'xpath=//a[.='Effacer le filtre']'.</msg>
<status status="PASS" starttime="20190614 13:09:28.191" endtime="20190614 13:09:51.831"></status>
</kw>
<kw name="Sleep" library="BuiltIn">
<doc>Pauses the test executed for the given time.</doc>
<arguments>
<arg>2s</arg>
</arguments>
<msg timestamp="20190614 13:09:53.837" level="INFO">Slept 2 seconds</msg>
<status status="PASS" starttime="20190614 13:09:51.832" endtime="20190614 13:09:53.837"></status>
</kw>
<kw name="Fermer fenetre" library="commun">
<kw name="Run Keyword And Return Status" library="BuiltIn">
<doc>Runs the given keyword with given arguments and returns the status as a Boolean value.</doc>
<arguments>
<arg>Element Should Be Visible</arg>
<arg>xpath:/html/body/div[2]/div[4]/div[1]/div</arg>
</arguments>
<assign>
<var>${isvisible}</var>
</assign>
<kw name="Element Should Be Visible" library="SeleniumLibrary">
<doc>Verifies that the element identified by ``locator`` is visible.</doc>
<arguments>
<arg>xpath:/html/body/div[2]/div[4]/div[1]/div</arg>
</arguments>
<msg timestamp="20190614 13:09:53.884" level="INFO">Element 'xpath:/html/body/div[2]/div[4]/div[1]/div' is displayed.</msg>
<status status="PASS" starttime="20190614 13:09:53.837" endtime="20190614 13:09:53.884"></status>
</kw>
<msg timestamp="20190614 13:09:53.884" level="INFO">${isvisible} = True</msg>
<status status="PASS" starttime="20190614 13:09:53.837" endtime="20190614 13:09:53.884"></status>
</kw>
<kw name="Run Keyword If" library="BuiltIn">
<doc>Runs the given keyword with the given arguments, if ``condition`` is true.</doc>
<arguments>
<arg>${isvisible}</arg>
<arg>Clicker sur fermer</arg>
</arguments>
<kw name="Clicker sur fermer" library="commun">
<kw name="Wait Until Page Contains Element" library="SeleniumLibrary">
<doc>Waits until element ``locator`` appears on current page.</doc>
<arguments>
<arg>xpath=/html/body/div[2]/div[4]/div[1]/div</arg>
<arg>50s</arg>
</arguments>
<status status="PASS" starttime="20190614 13:09:53.884" endtime="20190614 13:09:53.900"></status>
</kw>
<kw name="Click Element" library="SeleniumLibrary">
<doc>Click element identified by ``locator``.</doc>
<arguments>
<arg>xpath=/html/body/div[2]/div[4]/div[1]/div</arg>
</arguments>
<msg timestamp="20190614 13:09:53.900" level="INFO">Clicking element 'xpath=/html/body/div[2]/div[4]/div[1]/div'.</msg>
<status status="PASS" starttime="20190614 13:09:53.900" endtime="20190614 13:09:53.932"></status>
</kw>
<status status="PASS" starttime="20190614 13:09:53.884" endtime="20190614 13:09:53.932"></status>
</kw>
<status status="PASS" starttime="20190614 13:09:53.884" endtime="20190614 13:09:53.932"></status>
</kw>
<status status="PASS" starttime="20190614 13:09:53.837" endtime="20190614 13:09:53.932"></status>
</kw>
<status status="PASS" starttime="20190614 13:09:28.109" endtime="20190614 13:09:53.932"></status>
</kw>
<kw name="selectionne le projet avec le status Déposée" library="Déposée_ressource">
<arguments>
<arg>${INTITULE_PROJET}</arg>
</arguments>
<kw name="Input Text" library="SeleniumLibrary">
<doc>Types the given ``text`` into text field identified by ``locator``.</doc>
<arguments>
<arg>xpath=//*[@id="t_demandes"]/thead/tr[2]/th[4]/input</arg>
<arg>${INTITULE_PROJET}</arg>
</arguments>
<msg timestamp="20190614 13:09:53.932" level="INFO">Typing text '2019-06-14 13:07:19.177' into text field 'xpath=//*[@id="t_demandes"]/thead/tr[2]/th[4]/input'.</msg>
<status status="PASS" starttime="20190614 13:09:53.932" endtime="20190614 13:09:54.516"></status>
</kw>
<kw name="Sleep" library="BuiltIn">
<doc>Pauses the test executed for the given time.</doc>
<arguments>
<arg>3s</arg>
</arguments>
<msg timestamp="20190614 13:09:57.517" level="INFO">Slept 3 seconds</msg>
<status status="PASS" starttime="20190614 13:09:54.516" endtime="20190614 13:09:57.517"></status>
</kw>
<status status="PASS" starttime="20190614 13:09:53.932" endtime="20190614 13:09:57.518"></status>
</kw>
<kw name="Clicker sur action" library="Déposée_ressource">
<kw name="Execute Javascript" library="SeleniumLibrary">
<doc>Executes the given JavaScript code with possible arguments.</doc>
<arguments>
<arg>window.scrollTo(1000, 1000);</arg>
</arguments>
<msg timestamp="20190614 13:09:57.522" level="INFO">Executing JavaScript:
window.scrollTo(1000, 1000);
Without any arguments.</msg>
<status status="PASS" starttime="20190614 13:09:57.519" endtime="20190614 13:09:57.538"></status>
</kw>
<kw name="Click Element" library="SeleniumLibrary">
<doc>Click element identified by ``locator``.</doc>
<arguments>
<arg>xpath=//*[@id="t_demandes"]/tbody/tr[1]/td[9]/a</arg>
</arguments>
<msg timestamp="20190614 13:09:57.540" level="INFO">Clicking element 'xpath=//*[@id="t_demandes"]/tbody/tr[1]/td[9]/a'.</msg>
<status status="PASS" starttime="20190614 13:09:57.539" endtime="20190614 13:10:11.415"></status>
</kw>
<status status="PASS" starttime="20190614 13:09:57.518" endtime="20190614 13:10:11.415"></status>
</kw>
<status status="PASS" starttime="20190614 13:09:13.425" endtime="20190614 13:10:11.415"></status>
</kw>
<kw name="Accueil DIF" library="Déposée">
<kw name="aller dans accueil" library="Déposée_ressource">
<kw name="Click Element" library="SeleniumLibrary">
<doc>Click element identified by ``locator``.</doc>
<arguments>
<arg>xpath=/html/body/main/div/a[4]</arg>
</arguments>
<msg timestamp="20190614 13:10:11.418" level="INFO">Clicking element 'xpath=/html/body/main/div/a[4]'.</msg>
<status status="PASS" starttime="20190614 13:10:11.418" endtime="20190614 13:10:22.822"></status>
</kw>
<status status="PASS" starttime="20190614 13:10:11.417" endtime="20190614 13:10:22.822"></status>
</kw>
<kw name="Prise en compte" library="Déposée_ressource">
<kw name="Click Element" library="SeleniumLibrary">
<doc>Click element identified by ``locator``.</doc>
<arguments>
<arg>xpath=//*[@id="prise_en_compte"]</arg>
</arguments>
<msg timestamp="20190614 13:10:22.825" level="INFO">Clicking element 'xpath=//*[@id="prise_en_compte"]'.</msg>
<status status="PASS" starttime="20190614 13:10:22.824" endtime="20190614 13:10:34.384"></status>
</kw>
<status status="PASS" starttime="20190614 13:10:22.823" endtime="20190614 13:10:34.385"></status>
</kw>
<kw name="Datacenter retenue" library="Déposée_ressource">
<kw name="Select From List By Value" library="SeleniumLibrary">
<doc>Selects options from selection list ``locator`` by ``values``.</doc>
<arguments>
<arg>xpath=//select[@name='datacenter_retenu']</arg>
<arg>1</arg>
</arguments>
<msg timestamp="20190614 13:10:34.387" level="INFO">Selecting options from selection list 'xpath=//select[@name='datacenter_retenu']' by value 1.</msg>
<status status="PASS" starttime="20190614 13:10:34.386" endtime="20190614 13:10:34.491"></status>
</kw>
<status status="PASS" starttime="20190614 13:10:34.385" endtime="20190614 13:10:34.491"></status>
</kw>
<kw name="Info accueil" library="Déposée_ressource">
<kw name="Select From List By Value" library="SeleniumLibrary">
<doc>Selects options from selection list ``locator`` by ``values``.</doc>
<arguments>
<arg>xpath=//select[@name='statut_verif_accueil']</arg>
<arg>ok</arg>
</arguments>
<msg timestamp="20190614 13:10:34.492" level="INFO">Selecting options from selection list 'xpath=//select[@name='statut_verif_accueil']' by value ok.</msg>
<status status="PASS" starttime="20190614 13:10:34.492" endtime="20190614 13:10:34.566"></status>
</kw>
<kw name="Input Text" library="SeleniumLibrary">
<doc>Types the given ``text`` into text field identified by ``locator``.</doc>
<arguments>
<arg>name=date_verif_accueil</arg>
<arg>22/03/2019</arg>
</arguments>
<msg timestamp="20190614 13:10:34.566" level="INFO">Typing text '22/03/2019' into text field 'name=date_verif_accueil'.</msg>
<status status="PASS" starttime="20190614 13:10:34.566" endtime="20190614 13:10:34.752"></status>
</kw>
<kw name="Select From List By Value" library="SeleniumLibrary">
<doc>Selects options from selection list ``locator`` by ``values``.</doc>
<arguments>
<arg>xpath=//select[@name='statut_etude_capacitaire']</arg>
<arg>ok</arg>
</arguments>
<msg timestamp="20190614 13:10:34.753" level="INFO">Selecting options from selection list 'xpath=//select[@name='statut_etude_capacitaire']' by value ok.</msg>
<status status="PASS" starttime="20190614 13:10:34.752" endtime="20190614 13:10:34.857"></status>
</kw>
<kw name="Input Text" library="SeleniumLibrary">
<doc>Types the given ``text`` into text field identified by ``locator``.</doc>
<arguments>
<arg>name=date_etude_capacitaire</arg>
<arg>26/03/2019</arg>
</arguments>
<msg timestamp="20190614 13:10:34.857" level="INFO">Typing text '26/03/2019' into text field 'name=date_etude_capacitaire'.</msg>
<status status="PASS" starttime="20190614 13:10:34.857" endtime="20190614 13:10:35.022"></status>
</kw>
<kw name="Select From List By Value" library="SeleniumLibrary">
<doc>Selects options from selection list ``locator`` by ``values``.</doc>
<arguments>
<arg>xpath=//select[@name='responsable']</arg>
<arg>allprofil</arg>
</arguments>
<msg timestamp="20190614 13:10:35.023" level="INFO">Selecting options from selection list 'xpath=//select[@name='responsable']' by value allprofil.</msg>
<status status="PASS" starttime="20190614 13:10:35.022" endtime="20190614 13:10:35.100"></status>
</kw>
<status status="PASS" starttime="20190614 13:10:34.491" endtime="20190614 13:10:35.101"></status>
</kw>
<status status="PASS" starttime="20190614 13:10:11.416" endtime="20190614 13:10:35.101"></status>
</kw>
<kw name="Valider demande" library="Déposée">
<kw name="Clicker sur Enregistrer" library="Déposée_ressource">
<kw name="Execute Javascript" library="SeleniumLibrary">
<doc>Executes the given JavaScript code with possible arguments.</doc>
<arguments>
<arg>window.scrollTo(1000, 1000);</arg>
</arguments>
<msg timestamp="20190614 13:10:35.103" level="INFO">Executing JavaScript:
window.scrollTo(1000, 1000);
Without any arguments.</msg>
<status status="PASS" starttime="20190614 13:10:35.102" endtime="20190614 13:10:35.111"></status>
</kw>
<kw name="Click Element" library="SeleniumLibrary">
<doc>Click element identified by ``locator``.</doc>
<arguments>
<arg>xpath=/html/body/main/div/form/input[3]</arg>
</arguments>
<msg timestamp="20190614 13:10:35.111" level="INFO">Clicking element 'xpath=/html/body/main/div/form/input[3]'.</msg>
<status status="PASS" starttime="20190614 13:10:35.111" endtime="20190614 13:10:47.284"></status>
</kw>
<status status="PASS" starttime="20190614 13:10:35.102" endtime="20190614 13:10:47.284"></status>
</kw>
<kw name="Etape Suivante" library="Déposée_ressource">
<kw name="Click Element" library="SeleniumLibrary">
<doc>Click element identified by ``locator``.</doc>
<arguments>
<arg>xpath=//a[.='Etape suivante']</arg>
</arguments>
<msg timestamp="20190614 13:10:47.286" level="INFO">Clicking element 'xpath=//a[.='Etape suivante']'.</msg>
<status status="PASS" starttime="20190614 13:10:47.285" endtime="20190614 13:11:00.394"></status>
</kw>
<status status="PASS" starttime="20190614 13:10:47.284" endtime="20190614 13:11:00.394"></status>
</kw>
<status status="PASS" starttime="20190614 13:10:35.101" endtime="20190614 13:11:00.395"></status>
</kw>
<tags>
<tag>2</tag>
</tags>
<status status="PASS" starttime="20190614 13:09:13.424" endtime="20190614 13:11:00.395" critical="yes"></status>
</test>
<test id="s1-t3" name="Etude">
<kw name="Acceder Au Site Avec Compte Urbaniste" library="Etude">
<kw name="Charger La Page" library="Etude_ressources">
<kw name="Go To" library="SeleniumLibrary">
<doc>Navigates the active browser instance to the provided ``url``.</doc>
<arguments>
<arg>${WEBSITE_URBANISTE}</arg>
</arguments>
<msg timestamp="20190614 13:11:00.400" level="INFO">Opening url 'http://dv0bywsc05.rouen.francetelecom.fr/debug.php/api/auth/login?cuid=wazd2D2'</msg>
<status status="PASS" starttime="20190614 13:11:00.399" endtime="20190614 13:11:15.719"></status>
</kw>
<kw name="Sleep" library="BuiltIn">
<doc>Pauses the test executed for the given time.</doc>
<arguments>
<arg>2s</arg>
</arguments>
<msg timestamp="20190614 13:11:17.720" level="INFO">Slept 2 seconds</msg>
<status status="PASS" starttime="20190614 13:11:15.719" endtime="20190614 13:11:17.720"></status>
</kw>
<kw name="Wait Until Page Contains Element" library="SeleniumLibrary">
<doc>Waits until element ``locator`` appears on current page.</doc>
<arguments>
<arg>xpath=/html/body/div[2]/div[4]/div[1]/div</arg>
<arg>50s</arg>
</arguments>
<status status="PASS" starttime="20190614 13:11:17.721" endtime="20190614 13:11:17.753"></status>
</kw>
<kw name="Click Element" library="SeleniumLibrary">
<doc>Click element identified by ``locator``.</doc>
<arguments>
<arg>xpath=/html/body/div[2]/div[4]/div[1]/div</arg>
</arguments>
<msg timestamp="20190614 13:11:17.754" level="INFO">Clicking element 'xpath=/html/body/div[2]/div[4]/div[1]/div'.</msg>
<status status="PASS" starttime="20190614 13:11:17.753" endtime="20190614 13:11:17.802"></status>
</kw>
<kw name="Wait Until Page Contains" library="SeleniumLibrary">
<doc>Waits until ``text`` appears on current page.</doc>
<arguments>
<arg>Liste des demandes</arg>
</arguments>
<status status="PASS" starttime="20190614 13:11:17.802" endtime="20190614 13:11:17.820"></status>
</kw>
<status status="PASS" starttime="20190614 13:11:00.398" endtime="20190614 13:11:17.821"></status>
</kw>
<kw name="effacer filtre" library="Etude_ressources">
<kw name="Fermer fenetre" library="commun">
<kw name="Run Keyword And Return Status" library="BuiltIn">
<doc>Runs the given keyword with given arguments and returns the status as a Boolean value.</doc>
<arguments>
<arg>Element Should Be Visible</arg>
<arg>xpath:/html/body/div[2]/div[4]/div[1]/div</arg>
</arguments>
<assign>
<var>${isvisible}</var>
</assign>
<kw name="Element Should Be Visible" library="SeleniumLibrary">
<doc>Verifies that the element identified by ``locator`` is visible.</doc>
<arguments>
<arg>xpath:/html/body/div[2]/div[4]/div[1]/div</arg>
</arguments>
<kw name="Capture Page Screenshot" library="SeleniumLibrary">
<doc>Takes screenshot of the current page and embeds it into log file.</doc>
<msg timestamp="20190614 13:11:18.212" level="INFO" html="yes">&lt;/td&gt;&lt;/tr&gt;&lt;tr&gt;&lt;td colspan="3"&gt;&lt;a href="selenium-screenshot-1.png"&gt;&lt;img src="selenium-screenshot-1.png" width="800px"&gt;&lt;/a&gt;</msg>
<status status="PASS" starttime="20190614 13:11:17.843" endtime="20190614 13:11:18.212"></status>
</kw>
<msg timestamp="20190614 13:11:18.216" level="FAIL">The element 'xpath:/html/body/div[2]/div[4]/div[1]/div' should be visible, but it is not.</msg>
<status status="FAIL" starttime="20190614 13:11:17.822" endtime="20190614 13:11:18.216"></status>
</kw>
<msg timestamp="20190614 13:11:18.216" level="INFO">${isvisible} = False</msg>
<status status="PASS" starttime="20190614 13:11:17.821" endtime="20190614 13:11:18.216"></status>
</kw>
<kw name="Run Keyword If" library="BuiltIn">
<doc>Runs the given keyword with the given arguments, if ``condition`` is true.</doc>
<arguments>
<arg>${isvisible}</arg>
<arg>Clicker sur fermer</arg>
</arguments>
<status status="PASS" starttime="20190614 13:11:18.216" endtime="20190614 13:11:18.216"></status>
</kw>
<status status="PASS" starttime="20190614 13:11:17.821" endtime="20190614 13:11:18.217"></status>
</kw>
<kw name="Wait Until Page Contains Element" library="SeleniumLibrary">
<doc>Waits until element ``locator`` appears on current page.</doc>
<arguments>
<arg>xpath=//a[contains(.,'Affiner le filtre')]</arg>
<arg>50s</arg>
</arguments>
<status status="PASS" starttime="20190614 13:11:18.217" endtime="20190614 13:11:18.231"></status>
</kw>
<kw name="Fermer fenetre" library="commun">
<kw name="Run Keyword And Return Status" library="BuiltIn">
<doc>Runs the given keyword with given arguments and returns the status as a Boolean value.</doc>
<arguments>
<arg>Element Should Be Visible</arg>
<arg>xpath:/html/body/div[2]/div[4]/div[1]/div</arg>
</arguments>
<assign>
<var>${isvisible}</var>
</assign>
<kw name="Element Should Be Visible" library="SeleniumLibrary">
<doc>Verifies that the element identified by ``locator`` is visible.</doc>
<arguments>
<arg>xpath:/html/body/div[2]/div[4]/div[1]/div</arg>
</arguments>
<kw name="Capture Page Screenshot" library="SeleniumLibrary">
<doc>Takes screenshot of the current page and embeds it into log file.</doc>
<msg timestamp="20190614 13:11:18.586" level="INFO" html="yes">&lt;/td&gt;&lt;/tr&gt;&lt;tr&gt;&lt;td colspan="3"&gt;&lt;a href="selenium-screenshot-2.png"&gt;&lt;img src="selenium-screenshot-2.png" width="800px"&gt;&lt;/a&gt;</msg>
<status status="PASS" starttime="20190614 13:11:18.265" endtime="20190614 13:11:18.586"></status>
</kw>
<msg timestamp="20190614 13:11:18.586" level="FAIL">The element 'xpath:/html/body/div[2]/div[4]/div[1]/div' should be visible, but it is not.</msg>
<status status="FAIL" starttime="20190614 13:11:18.232" endtime="20190614 13:11:18.586"></status>
</kw>
<msg timestamp="20190614 13:11:18.586" level="INFO">${isvisible} = False</msg>
<status status="PASS" starttime="20190614 13:11:18.232" endtime="20190614 13:11:18.586"></status>
</kw>
<kw name="Run Keyword If" library="BuiltIn">
<doc>Runs the given keyword with the given arguments, if ``condition`` is true.</doc>
<arguments>
<arg>${isvisible}</arg>
<arg>Clicker sur fermer</arg>
</arguments>
<status status="PASS" starttime="20190614 13:11:18.586" endtime="20190614 13:11:18.586"></status>
</kw>
<status status="PASS" starttime="20190614 13:11:18.231" endtime="20190614 13:11:18.586"></status>
</kw>
<kw name="Click Link" library="SeleniumLibrary">
<doc>Clicks a link identified by ``locator``.</doc>
<arguments>
<arg>xpath=//a[contains(.,'Affiner le filtre')]</arg>
</arguments>
<msg timestamp="20190614 13:11:18.586" level="INFO">Clicking link 'xpath=//a[contains(.,'Affiner le filtre')]'.</msg>
<status status="PASS" starttime="20190614 13:11:18.586" endtime="20190614 13:11:18.634"></status>
</kw>
<kw name="Fermer fenetre" library="commun">
<kw name="Run Keyword And Return Status" library="BuiltIn">
<doc>Runs the given keyword with given arguments and returns the status as a Boolean value.</doc>
<arguments>
<arg>Element Should Be Visible</arg>
<arg>xpath:/html/body/div[2]/div[4]/div[1]/div</arg>
</arguments>
<assign>
<var>${isvisible}</var>
</assign>
<kw name="Element Should Be Visible" library="SeleniumLibrary">
<doc>Verifies that the element identified by ``locator`` is visible.</doc>
<arguments>
<arg>xpath:/html/body/div[2]/div[4]/div[1]/div</arg>
</arguments>
<kw name="Capture Page Screenshot" library="SeleniumLibrary">
<doc>Takes screenshot of the current page and embeds it into log file.</doc>
<msg timestamp="20190614 13:11:19.033" level="INFO" html="yes">&lt;/td&gt;&lt;/tr&gt;&lt;tr&gt;&lt;td colspan="3"&gt;&lt;a href="selenium-screenshot-3.png"&gt;&lt;img src="selenium-screenshot-3.png" width="800px"&gt;&lt;/a&gt;</msg>
<status status="PASS" starttime="20190614 13:11:18.664" endtime="20190614 13:11:19.033"></status>
</kw>
<msg timestamp="20190614 13:11:19.034" level="FAIL">The element 'xpath:/html/body/div[2]/div[4]/div[1]/div' should be visible, but it is not.</msg>
<status status="FAIL" starttime="20190614 13:11:18.637" endtime="20190614 13:11:19.034"></status>
</kw>
<msg timestamp="20190614 13:11:19.034" level="INFO">${isvisible} = False</msg>
<status status="PASS" starttime="20190614 13:11:18.636" endtime="20190614 13:11:19.034"></status>
</kw>
<kw name="Run Keyword If" library="BuiltIn">
<doc>Runs the given keyword with the given arguments, if ``condition`` is true.</doc>
<arguments>
<arg>${isvisible}</arg>
<arg>Clicker sur fermer</arg>
</arguments>
<status status="PASS" starttime="20190614 13:11:19.034" endtime="20190614 13:11:19.035"></status>
</kw>
<status status="PASS" starttime="20190614 13:11:18.635" endtime="20190614 13:11:19.035"></status>
</kw>
<kw name="Wait Until Page Contains Element" library="SeleniumLibrary">
<doc>Waits until element ``locator`` appears on current page.</doc>
<arguments>
<arg>xpath=//a[.='Effacer le filtre']</arg>
<arg>50s</arg>
</arguments>
<status status="PASS" starttime="20190614 13:11:19.035" endtime="20190614 13:11:19.076"></status>
</kw>
<kw name="Fermer fenetre" library="commun">
<kw name="Run Keyword And Return Status" library="BuiltIn">
<doc>Runs the given keyword with given arguments and returns the status as a Boolean value.</doc>
<arguments>
<arg>Element Should Be Visible</arg>
<arg>xpath:/html/body/div[2]/div[4]/div[1]/div</arg>
</arguments>
<assign>
<var>${isvisible}</var>
</assign>
<kw name="Element Should Be Visible" library="SeleniumLibrary">
<doc>Verifies that the element identified by ``locator`` is visible.</doc>
<arguments>
<arg>xpath:/html/body/div[2]/div[4]/div[1]/div</arg>
</arguments>
<kw name="Capture Page Screenshot" library="SeleniumLibrary">
<doc>Takes screenshot of the current page and embeds it into log file.</doc>
<msg timestamp="20190614 13:11:19.390" level="INFO" html="yes">&lt;/td&gt;&lt;/tr&gt;&lt;tr&gt;&lt;td colspan="3"&gt;&lt;a href="selenium-screenshot-4.png"&gt;&lt;img src="selenium-screenshot-4.png" width="800px"&gt;&lt;/a&gt;</msg>
<status status="PASS" starttime="20190614 13:11:19.092" endtime="20190614 13:11:19.390"></status>
</kw>
<msg timestamp="20190614 13:11:19.390" level="FAIL">The element 'xpath:/html/body/div[2]/div[4]/div[1]/div' should be visible, but it is not.</msg>
<status status="FAIL" starttime="20190614 13:11:19.076" endtime="20190614 13:11:19.390"></status>
</kw>
<msg timestamp="20190614 13:11:19.390" level="INFO">${isvisible} = False</msg>
<status status="PASS" starttime="20190614 13:11:19.076" endtime="20190614 13:11:19.390"></status>
</kw>
<kw name="Run Keyword If" library="BuiltIn">
<doc>Runs the given keyword with the given arguments, if ``condition`` is true.</doc>
<arguments>
<arg>${isvisible}</arg>
<arg>Clicker sur fermer</arg>
</arguments>
<status status="PASS" starttime="20190614 13:11:19.390" endtime="20190614 13:11:19.390"></status>
</kw>
<status status="PASS" starttime="20190614 13:11:19.076" endtime="20190614 13:11:19.390"></status>
</kw>
<kw name="Click Link" library="SeleniumLibrary">
<doc>Clicks a link identified by ``locator``.</doc>
<arguments>
<arg>xpath=//a[.='Effacer le filtre']</arg>
</arguments>
<msg timestamp="20190614 13:11:19.390" level="INFO">Clicking link 'xpath=//a[.='Effacer le filtre']'.</msg>
<status status="PASS" starttime="20190614 13:11:19.390" endtime="20190614 13:11:43.482"></status>
</kw>
<kw name="Fermer fenetre" library="commun">
<kw name="Run Keyword And Return Status" library="BuiltIn">
<doc>Runs the given keyword with given arguments and returns the status as a Boolean value.</doc>
<arguments>
<arg>Element Should Be Visible</arg>
<arg>xpath:/html/body/div[2]/div[4]/div[1]/div</arg>
</arguments>
<assign>
<var>${isvisible}</var>
</assign>
<kw name="Element Should Be Visible" library="SeleniumLibrary">
<doc>Verifies that the element identified by ``locator`` is visible.</doc>
<arguments>
<arg>xpath:/html/body/div[2]/div[4]/div[1]/div</arg>
</arguments>
<kw name="Capture Page Screenshot" library="SeleniumLibrary">
<doc>Takes screenshot of the current page and embeds it into log file.</doc>
<msg timestamp="20190614 13:11:43.934" level="INFO" html="yes">&lt;/td&gt;&lt;/tr&gt;&lt;tr&gt;&lt;td colspan="3"&gt;&lt;a href="selenium-screenshot-5.png"&gt;&lt;img src="selenium-screenshot-5.png" width="800px"&gt;&lt;/a&gt;</msg>
<status status="PASS" starttime="20190614 13:11:43.555" endtime="20190614 13:11:43.934"></status>
</kw>
<msg timestamp="20190614 13:11:43.934" level="FAIL">Element with locator 'xpath:/html/body/div[2]/div[4]/div[1]/div' not found.</msg>
<status status="FAIL" starttime="20190614 13:11:43.484" endtime="20190614 13:11:43.934"></status>
</kw>
<msg timestamp="20190614 13:11:43.934" level="INFO">${isvisible} = False</msg>
<status status="PASS" starttime="20190614 13:11:43.483" endtime="20190614 13:11:43.934"></status>
</kw>
<kw name="Run Keyword If" library="BuiltIn">
<doc>Runs the given keyword with the given arguments, if ``condition`` is true.</doc>
<arguments>
<arg>${isvisible}</arg>
<arg>Clicker sur fermer</arg>
</arguments>
<status status="PASS" starttime="20190614 13:11:43.934" endtime="20190614 13:11:43.950"></status>
</kw>
<status status="PASS" starttime="20190614 13:11:43.483" endtime="20190614 13:11:43.950"></status>
</kw>
<status status="PASS" starttime="20190614 13:11:17.821" endtime="20190614 13:11:43.950"></status>
</kw>
<status status="PASS" starttime="20190614 13:11:00.398" endtime="20190614 13:11:43.950"></status>
</kw>
<kw name="Rechercher Demande" library="Etude">
<arguments>
<arg>${INTITULE_PROJET}</arg>
</arguments>
<kw name="Rechercher Demande en etude" library="Etude_ressources">
<arguments>
<arg>${INTITULE_PROJET}</arg>
</arguments>
<kw name="Fermer fenetre" library="commun">
<kw name="Run Keyword And Return Status" library="BuiltIn">
<doc>Runs the given keyword with given arguments and returns the status as a Boolean value.</doc>
<arguments>
<arg>Element Should Be Visible</arg>
<arg>xpath:/html/body/div[2]/div[4]/div[1]/div</arg>
</arguments>
<assign>
<var>${isvisible}</var>
</assign>
<kw name="Element Should Be Visible" library="SeleniumLibrary">
<doc>Verifies that the element identified by ``locator`` is visible.</doc>
<arguments>
<arg>xpath:/html/body/div[2]/div[4]/div[1]/div</arg>
</arguments>
<msg timestamp="20190614 13:11:43.965" level="INFO">Element 'xpath:/html/body/div[2]/div[4]/div[1]/div' is displayed.</msg>
<status status="PASS" starttime="20190614 13:11:43.950" endtime="20190614 13:11:43.965"></status>
</kw>
<msg timestamp="20190614 13:11:43.965" level="INFO">${isvisible} = True</msg>
<status status="PASS" starttime="20190614 13:11:43.950" endtime="20190614 13:11:43.965"></status>
</kw>
<kw name="Run Keyword If" library="BuiltIn">
<doc>Runs the given keyword with the given arguments, if ``condition`` is true.</doc>
<arguments>
<arg>${isvisible}</arg>
<arg>Clicker sur fermer</arg>
</arguments>
<kw name="Clicker sur fermer" library="commun">
<kw name="Wait Until Page Contains Element" library="SeleniumLibrary">
<doc>Waits until element ``locator`` appears on current page.</doc>
<arguments>
<arg>xpath=/html/body/div[2]/div[4]/div[1]/div</arg>
<arg>50s</arg>
</arguments>
<status status="PASS" starttime="20190614 13:11:43.965" endtime="20190614 13:11:43.981"></status>
</kw>
<kw name="Click Element" library="SeleniumLibrary">
<doc>Click element identified by ``locator``.</doc>
<arguments>
<arg>xpath=/html/body/div[2]/div[4]/div[1]/div</arg>
</arguments>
<msg timestamp="20190614 13:11:43.981" level="INFO">Clicking element 'xpath=/html/body/div[2]/div[4]/div[1]/div'.</msg>
<status status="PASS" starttime="20190614 13:11:43.981" endtime="20190614 13:11:44.036"></status>
</kw>
<status status="PASS" starttime="20190614 13:11:43.965" endtime="20190614 13:11:44.036"></status>
</kw>
<status status="PASS" starttime="20190614 13:11:43.965" endtime="20190614 13:11:44.036"></status>
</kw>
<status status="PASS" starttime="20190614 13:11:43.950" endtime="20190614 13:11:44.036"></status>
</kw>
<kw name="Execute Javascript" library="SeleniumLibrary">
<doc>Executes the given JavaScript code with possible arguments.</doc>
<arguments>
<arg>window.scrollTo(0, document.body.scrollHeight)</arg>
</arguments>
<msg timestamp="20190614 13:11:44.036" level="INFO">Executing JavaScript:
window.scrollTo(0, document.body.scrollHeight)
Without any arguments.</msg>
<status status="PASS" starttime="20190614 13:11:44.036" endtime="20190614 13:11:44.036"></status>
</kw>
<kw name="Fermer fenetre" library="commun">
<kw name="Run Keyword And Return Status" library="BuiltIn">
<doc>Runs the given keyword with given arguments and returns the status as a Boolean value.</doc>
<arguments>
<arg>Element Should Be Visible</arg>
<arg>xpath:/html/body/div[2]/div[4]/div[1]/div</arg>
</arguments>
<assign>
<var>${isvisible}</var>
</assign>
<kw name="Element Should Be Visible" library="SeleniumLibrary">
<doc>Verifies that the element identified by ``locator`` is visible.</doc>
<arguments>
<arg>xpath:/html/body/div[2]/div[4]/div[1]/div</arg>
</arguments>
<kw name="Capture Page Screenshot" library="SeleniumLibrary">
<doc>Takes screenshot of the current page and embeds it into log file.</doc>
<msg timestamp="20190614 13:11:44.404" level="INFO" html="yes">&lt;/td&gt;&lt;/tr&gt;&lt;tr&gt;&lt;td colspan="3"&gt;&lt;a href="selenium-screenshot-6.png"&gt;&lt;img src="selenium-screenshot-6.png" width="800px"&gt;&lt;/a&gt;</msg>
<status status="PASS" starttime="20190614 13:11:44.051" endtime="20190614 13:11:44.404"></status>
</kw>
<msg timestamp="20190614 13:11:44.404" level="FAIL">The element 'xpath:/html/body/div[2]/div[4]/div[1]/div' should be visible, but it is not.</msg>
<status status="FAIL" starttime="20190614 13:11:44.036" endtime="20190614 13:11:44.404"></status>
</kw>
<msg timestamp="20190614 13:11:44.404" level="INFO">${isvisible} = False</msg>
<status status="PASS" starttime="20190614 13:11:44.036" endtime="20190614 13:11:44.404"></status>
</kw>
<kw name="Run Keyword If" library="BuiltIn">
<doc>Runs the given keyword with the given arguments, if ``condition`` is true.</doc>
<arguments>
<arg>${isvisible}</arg>
<arg>Clicker sur fermer</arg>
</arguments>
<status status="PASS" starttime="20190614 13:11:44.404" endtime="20190614 13:11:44.404"></status>
</kw>
<status status="PASS" starttime="20190614 13:11:44.036" endtime="20190614 13:11:44.404"></status>
</kw>
<kw name="Clear Element Text" library="SeleniumLibrary">
<doc>Clears the value of text entry element identified by ``locator``.</doc>
<arguments>
<arg>xpath=//*[@id="t_demandes"]/thead/tr[2]/th[4]/input</arg>
</arguments>
<status status="PASS" starttime="20190614 13:11:44.404" endtime="20190614 13:11:44.435"></status>
</kw>
<kw name="Fermer fenetre" library="commun">
<kw name="Run Keyword And Return Status" library="BuiltIn">
<doc>Runs the given keyword with given arguments and returns the status as a Boolean value.</doc>
<arguments>
<arg>Element Should Be Visible</arg>
<arg>xpath:/html/body/div[2]/div[4]/div[1]/div</arg>
</arguments>
<assign>
<var>${isvisible}</var>
</assign>
<kw name="Element Should Be Visible" library="SeleniumLibrary">
<doc>Verifies that the element identified by ``locator`` is visible.</doc>
<arguments>
<arg>xpath:/html/body/div[2]/div[4]/div[1]/div</arg>
</arguments>
<kw name="Capture Page Screenshot" library="SeleniumLibrary">
<doc>Takes screenshot of the current page and embeds it into log file.</doc>
<msg timestamp="20190614 13:11:44.774" level="INFO" html="yes">&lt;/td&gt;&lt;/tr&gt;&lt;tr&gt;&lt;td colspan="3"&gt;&lt;a href="selenium-screenshot-7.png"&gt;&lt;img src="selenium-screenshot-7.png" width="800px"&gt;&lt;/a&gt;</msg>
<status status="PASS" starttime="20190614 13:11:44.451" endtime="20190614 13:11:44.774"></status>
</kw>
<msg timestamp="20190614 13:11:44.774" level="FAIL">The element 'xpath:/html/body/div[2]/div[4]/div[1]/div' should be visible, but it is not.</msg>
<status status="FAIL" starttime="20190614 13:11:44.435" endtime="20190614 13:11:44.774"></status>
</kw>
<msg timestamp="20190614 13:11:44.774" level="INFO">${isvisible} = False</msg>
<status status="PASS" starttime="20190614 13:11:44.435" endtime="20190614 13:11:44.774"></status>
</kw>
<kw name="Run Keyword If" library="BuiltIn">
<doc>Runs the given keyword with the given arguments, if ``condition`` is true.</doc>
<arguments>
<arg>${isvisible}</arg>
<arg>Clicker sur fermer</arg>
</arguments>
<status status="PASS" starttime="20190614 13:11:44.774" endtime="20190614 13:11:44.774"></status>
</kw>
<status status="PASS" starttime="20190614 13:11:44.435" endtime="20190614 13:11:44.774"></status>
</kw>
<kw name="Input Text" library="SeleniumLibrary">
<doc>Types the given ``text`` into text field identified by ``locator``.</doc>
<arguments>
<arg>xpath=//*[@id="t_demandes"]/thead/tr[2]/th[4]/input</arg>
<arg>${INTITULE_PROJET}</arg>
</arguments>
<msg timestamp="20190614 13:11:44.774" level="INFO">Typing text '2019-06-14 13:07:19.177' into text field 'xpath=//*[@id="t_demandes"]/thead/tr[2]/th[4]/input'.</msg>
<status status="PASS" starttime="20190614 13:11:44.774" endtime="20190614 13:11:45.313"></status>
</kw>
<kw name="Clear Element Text" library="SeleniumLibrary">
<doc>Clears the value of text entry element identified by ``locator``.</doc>
<arguments>
<arg>xpath=//*[@id="t_demandes"]/thead/tr[2]/th[8]/input</arg>
</arguments>
<status status="PASS" starttime="20190614 13:11:45.313" endtime="20190614 13:11:45.350"></status>
</kw>
<kw name="Input Text" library="SeleniumLibrary">
<doc>Types the given ``text`` into text field identified by ``locator``.</doc>
<arguments>
<arg>xpath=//*[@id="t_demandes"]/thead/tr[2]/th[8]/input</arg>
<arg>Etudes</arg>
</arguments>
<msg timestamp="20190614 13:11:45.365" level="INFO">Typing text 'Etudes' into text field 'xpath=//*[@id="t_demandes"]/thead/tr[2]/th[8]/input'.</msg>
<status status="PASS" starttime="20190614 13:11:45.350" endtime="20190614 13:11:45.515"></status>
</kw>
<kw name="Execute Javascript" library="SeleniumLibrary">
<doc>Executes the given JavaScript code with possible arguments.</doc>
<arguments>
<arg>window.scrollTo(1000, 1000)</arg>
</arguments>
<msg timestamp="20190614 13:11:45.518" level="INFO">Executing JavaScript:
window.scrollTo(1000, 1000)
Without any arguments.</msg>
<status status="PASS" starttime="20190614 13:11:45.515" endtime="20190614 13:11:45.541"></status>
</kw>
<kw name="Fermer fenetre" library="commun">
<kw name="Run Keyword And Return Status" library="BuiltIn">
<doc>Runs the given keyword with given arguments and returns the status as a Boolean value.</doc>
<arguments>
<arg>Element Should Be Visible</arg>
<arg>xpath:/html/body/div[2]/div[4]/div[1]/div</arg>
</arguments>
<assign>
<var>${isvisible}</var>
</assign>
<kw name="Element Should Be Visible" library="SeleniumLibrary">
<doc>Verifies that the element identified by ``locator`` is visible.</doc>
<arguments>
<arg>xpath:/html/body/div[2]/div[4]/div[1]/div</arg>
</arguments>
<kw name="Capture Page Screenshot" library="SeleniumLibrary">
<doc>Takes screenshot of the current page and embeds it into log file.</doc>
<msg timestamp="20190614 13:11:45.952" level="INFO" html="yes">&lt;/td&gt;&lt;/tr&gt;&lt;tr&gt;&lt;td colspan="3"&gt;&lt;a href="selenium-screenshot-8.png"&gt;&lt;img src="selenium-screenshot-8.png" width="800px"&gt;&lt;/a&gt;</msg>
<status status="PASS" starttime="20190614 13:11:45.564" endtime="20190614 13:11:45.952"></status>
</kw>
<msg timestamp="20190614 13:11:45.952" level="FAIL">The element 'xpath:/html/body/div[2]/div[4]/div[1]/div' should be visible, but it is not.</msg>
<status status="FAIL" starttime="20190614 13:11:45.542" endtime="20190614 13:11:45.952"></status>
</kw>
<msg timestamp="20190614 13:11:45.952" level="INFO">${isvisible} = False</msg>
<status status="PASS" starttime="20190614 13:11:45.542" endtime="20190614 13:11:45.952"></status>
</kw>
<kw name="Run Keyword If" library="BuiltIn">
<doc>Runs the given keyword with the given arguments, if ``condition`` is true.</doc>
<arguments>
<arg>${isvisible}</arg>
<arg>Clicker sur fermer</arg>
</arguments>
<status status="PASS" starttime="20190614 13:11:45.952" endtime="20190614 13:11:45.952"></status>
</kw>
<status status="PASS" starttime="20190614 13:11:45.542" endtime="20190614 13:11:45.952"></status>
</kw>
<kw name="Click Link" library="SeleniumLibrary">
<doc>Clicks a link identified by ``locator``.</doc>
<arguments>
<arg>xpath=//*[@id="t_demandes"]/tbody/tr/td[9]/a</arg>
</arguments>
<msg timestamp="20190614 13:11:45.952" level="INFO">Clicking link 'xpath=//*[@id="t_demandes"]/tbody/tr/td[9]/a'.</msg>
<status status="PASS" starttime="20190614 13:11:45.952" endtime="20190614 13:12:00.068"></status>
</kw>
<kw name="Wait Until Page Contains" library="SeleniumLibrary">
<doc>Waits until ``text`` appears on current page.</doc>
<arguments>
<arg>Edition de la demande</arg>
</arguments>
<status status="PASS" starttime="20190614 13:12:00.068" endtime="20190614 13:12:00.155"></status>
</kw>
<status status="PASS" starttime="20190614 13:11:43.950" endtime="20190614 13:12:00.155"></status>
</kw>
<status status="PASS" starttime="20190614 13:11:43.950" endtime="20190614 13:12:00.156"></status>
</kw>
<kw name="Renseigner Info Dif" library="Etude">
<kw name="Info DIF" library="Etude_ressources">
<kw name="Execute Javascript" library="SeleniumLibrary">
<doc>Executes the given JavaScript code with possible arguments.</doc>
<arguments>
<arg>window.scrollTo(0, document.body.scrollHeight)</arg>
</arguments>
<msg timestamp="20190614 13:12:00.158" level="INFO">Executing JavaScript:
window.scrollTo(0, document.body.scrollHeight)
Without any arguments.</msg>
<status status="PASS" starttime="20190614 13:12:00.157" endtime="20190614 13:12:00.164"></status>
</kw>
<kw name="Select From List By Value" library="SeleniumLibrary">
<doc>Selects options from selection list ``locator`` by ``values``.</doc>
<arguments>
<arg>xpath=/html/body/main/div/form/div/div[1]/div[5]/div[1]/div/div/div[1]/div/div[2]/select</arg>
<arg>htajri6</arg>
</arguments>
<msg timestamp="20190614 13:12:00.164" level="INFO">Selecting options from selection list 'xpath=/html/body/main/div/form/div/div[1]/div[5]/div[1]/div/div/div[1]/div/div[2]/select' by value htajri6.</msg>
<status status="PASS" starttime="20190614 13:12:00.164" endtime="20190614 13:12:00.287"></status>
</kw>
<kw name="Select From List By Value" library="SeleniumLibrary">
<doc>Selects options from selection list ``locator`` by ``values``.</doc>
<arguments>
<arg>xpath=/html/body/main/div/form/div/div[1]/div[6]/div[1]/div/div/div[2]/select</arg>
<arg>htajri3</arg>
</arguments>
<msg timestamp="20190614 13:12:00.288" level="INFO">Selecting options from selection list 'xpath=/html/body/main/div/form/div/div[1]/div[6]/div[1]/div/div/div[2]/select' by value htajri3.</msg>
<status status="PASS" starttime="20190614 13:12:00.288" endtime="20190614 13:12:00.382"></status>
</kw>
<kw name="Click Element" library="SeleniumLibrary">
<doc>Click element identified by ``locator``.</doc>
<arguments>
<arg>xpath=/html/body/main/div/form/input</arg>
</arguments>
<msg timestamp="20190614 13:12:00.382" level="INFO">Clicking element 'xpath=/html/body/main/div/form/input'.</msg>
<status status="PASS" starttime="20190614 13:12:00.382" endtime="20190614 13:12:15.155"></status>
</kw>
<kw name="Click Link" library="SeleniumLibrary">
<doc>Clicks a link identified by ``locator``.</doc>
<arguments>
<arg>xpath=/html/body/main/div/a[5]</arg>
</arguments>
<msg timestamp="20190614 13:12:15.156" level="INFO">Clicking link 'xpath=/html/body/main/div/a[5]'.</msg>
<status status="PASS" starttime="20190614 13:12:15.156" endtime="20190614 13:12:27.100"></status>
</kw>
<status status="PASS" starttime="20190614 13:12:00.156" endtime="20190614 13:12:27.100"></status>
</kw>
<status status="PASS" starttime="20190614 13:12:00.156" endtime="20190614 13:12:27.100"></status>
</kw>
<kw name="Remplir La Fiche Etude" library="Etude">
<kw name="Etude" library="Etude_ressources">
<kw name="Click Element" library="SeleniumLibrary">
<doc>Click element identified by ``locator``.</doc>
<arguments>
<arg>xpath=//input[@value='etudes_emplacement']</arg>
</arguments>
<msg timestamp="20190614 13:12:27.104" level="INFO">Clicking element 'xpath=//input[@value='etudes_emplacement']'.</msg>
<status status="PASS" starttime="20190614 13:12:27.104" endtime="20190614 13:12:27.296"></status>
</kw>
<kw name="Wait Until Page Contains" library="SeleniumLibrary">
<doc>Waits until ``text`` appears on current page.</doc>
<arguments>
<arg>A lancer</arg>
</arguments>
<status status="PASS" starttime="20190614 13:12:27.296" endtime="20190614 13:12:27.319"></status>
</kw>
<kw name="Select From List By Value" library="SeleniumLibrary">
<doc>Selects options from selection list ``locator`` by ``values``.</doc>
<arguments>
<arg>xpath=//select[@id='etudes_emplacement']</arg>
<arg>ok</arg>
</arguments>
<msg timestamp="20190614 13:12:27.319" level="INFO">Selecting options from selection list 'xpath=//select[@id='etudes_emplacement']' by value ok.</msg>
<status status="PASS" starttime="20190614 13:12:27.319" endtime="20190614 13:12:27.435"></status>
</kw>
<kw name="Execute Javascript" library="SeleniumLibrary">
<doc>Executes the given JavaScript code with possible arguments.</doc>
<arguments>
<arg>window.scrollTo(1000, 1000);</arg>
</arguments>
<msg timestamp="20190614 13:12:27.435" level="INFO">Executing JavaScript:
window.scrollTo(1000, 1000);
Without any arguments.</msg>
<status status="PASS" starttime="20190614 13:12:27.435" endtime="20190614 13:12:27.442"></status>
</kw>
<kw name="Click Element" library="SeleniumLibrary">
<doc>Click element identified by ``locator``.</doc>
<arguments>
<arg>xpath=//*[@id="etudes_emplacement_date_fin"]</arg>
</arguments>
<msg timestamp="20190614 13:12:27.443" level="INFO">Clicking element 'xpath=//*[@id="etudes_emplacement_date_fin"]'.</msg>
<status status="PASS" starttime="20190614 13:12:27.443" endtime="20190614 13:12:27.526"></status>
</kw>
<kw name="Click Element" library="SeleniumLibrary">
<doc>Click element identified by ``locator``.</doc>
<arguments>
<arg>xpath=/html/body/div[3]/div[1]/table/tbody/tr[2]/td[1]</arg>
</arguments>
<msg timestamp="20190614 13:12:27.526" level="INFO">Clicking element 'xpath=/html/body/div[3]/div[1]/table/tbody/tr[2]/td[1]'.</msg>
<status status="PASS" starttime="20190614 13:12:27.526" endtime="20190614 13:12:27.586"></status>
</kw>
<kw name="Click Element" library="SeleniumLibrary">
<doc>Click element identified by ``locator``.</doc>
<arguments>
<arg>xpath=//*[@id="date_fin_trav_infr_prev"]</arg>
</arguments>
<msg timestamp="20190614 13:12:27.586" level="INFO">Clicking element 'xpath=//*[@id="date_fin_trav_infr_prev"]'.</msg>
<status status="PASS" starttime="20190614 13:12:27.586" endtime="20190614 13:12:27.675"></status>
</kw>
<kw name="Click Element" library="SeleniumLibrary">
<doc>Click element identified by ``locator``.</doc>
<arguments>
<arg>xpath=/html/body/div[3]/div[1]/table/tbody/tr[3]/td[5]</arg>
</arguments>
<msg timestamp="20190614 13:12:27.676" level="INFO">Clicking element 'xpath=/html/body/div[3]/div[1]/table/tbody/tr[3]/td[5]'.</msg>
<status status="PASS" starttime="20190614 13:12:27.675" endtime="20190614 13:12:27.733"></status>
</kw>
<kw name="Execute Javascript" library="SeleniumLibrary">
<doc>Executes the given JavaScript code with possible arguments.</doc>
<arguments>
<arg>window.scrollTo(0, document.body.scrollHeight)</arg>
</arguments>
<msg timestamp="20190614 13:12:27.734" level="INFO">Executing JavaScript:
window.scrollTo(0, document.body.scrollHeight)
Without any arguments.</msg>
<status status="PASS" starttime="20190614 13:12:27.733" endtime="20190614 13:12:27.741"></status>
</kw>
<kw name="Click Element" library="SeleniumLibrary">
<doc>Click element identified by ``locator``.</doc>
<arguments>
<arg>xpath=//input[@name='submit']</arg>
</arguments>
<msg timestamp="20190614 13:12:27.742" level="INFO">Clicking element 'xpath=//input[@name='submit']'.</msg>
<status status="PASS" starttime="20190614 13:12:27.742" endtime="20190614 13:12:35.890"></status>
</kw>
<kw name="Wait Until Page Contains" library="SeleniumLibrary">
<doc>Waits until ``text`` appears on current page.</doc>
<arguments>
<arg>L'élément a été créé avec succès</arg>
</arguments>
<status status="PASS" starttime="20190614 13:12:35.890" endtime="20190614 13:12:35.917"></status>
</kw>
<kw name="Execute Javascript" library="SeleniumLibrary">
<doc>Executes the given JavaScript code with possible arguments.</doc>
<arguments>
<arg>window.scrollTo(0, document.body.scrollHeight)</arg>
</arguments>
<msg timestamp="20190614 13:12:35.919" level="INFO">Executing JavaScript:
window.scrollTo(0, document.body.scrollHeight)
Without any arguments.</msg>
<status status="PASS" starttime="20190614 13:12:35.917" endtime="20190614 13:12:35.951"></status>
</kw>
<kw name="Wait Until Page Contains" library="SeleniumLibrary">
<doc>Waits until ``text`` appears on current page.</doc>
<arguments>
<arg>Etape suivante</arg>
</arguments>
<status status="PASS" starttime="20190614 13:12:35.951" endtime="20190614 13:12:35.974"></status>
</kw>
<kw name="Click Element" library="SeleniumLibrary">
<doc>Click element identified by ``locator``.</doc>
<arguments>
<arg>id=etape_suivante</arg>
</arguments>
<msg timestamp="20190614 13:12:35.975" level="INFO">Clicking element 'id=etape_suivante'.</msg>
<status status="PASS" starttime="20190614 13:12:35.974" endtime="20190614 13:12:51.479"></status>
</kw>
<kw name="Wait Until Page Contains" library="SeleniumLibrary">
<doc>Waits until ``text`` appears on current page.</doc>
<arguments>
<arg>Liste des demandes</arg>
</arguments>
<status status="PASS" starttime="20190614 13:12:51.479" endtime="20190614 13:12:51.551"></status>
</kw>
<status status="PASS" starttime="20190614 13:12:27.103" endtime="20190614 13:12:51.552"></status>
</kw>
<status status="PASS" starttime="20190614 13:12:27.103" endtime="20190614 13:12:51.552"></status>
</kw>
<kw name="Verifier Statut Projet" library="Etude">
<arguments>
<arg>${INTITULE_PROJET}</arg>
</arguments>
<kw name="Verifier Fin Etude" library="Etude_ressources">
<arguments>
<arg>${INTITULE_PROJET}</arg>
</arguments>
<kw name="Execute Javascript" library="SeleniumLibrary">
<doc>Executes the given JavaScript code with possible arguments.</doc>
<arguments>
<arg>window.scrollTo(0, document.body.scrollHeight)</arg>
</arguments>
<msg timestamp="20190614 13:12:51.555" level="INFO">Executing JavaScript:
window.scrollTo(0, document.body.scrollHeight)
Without any arguments.</msg>
<status status="PASS" starttime="20190614 13:12:51.554" endtime="20190614 13:12:51.563"></status>
</kw>
<kw name="Clear Element Text" library="SeleniumLibrary">
<doc>Clears the value of text entry element identified by ``locator``.</doc>
<arguments>
<arg>xpath=//*[@id="t_demandes"]/thead/tr[2]/th[4]/input</arg>
</arguments>
<status status="PASS" starttime="20190614 13:12:51.563" endtime="20190614 13:12:51.615"></status>
</kw>
<kw name="Input Text" library="SeleniumLibrary">
<doc>Types the given ``text`` into text field identified by ``locator``.</doc>
<arguments>
<arg>xpath=//*[@id="t_demandes"]/thead/tr[2]/th[4]/input</arg>
<arg>${INTITULE_PROJET}</arg>
</arguments>
<msg timestamp="20190614 13:12:51.616" level="INFO">Typing text '2019-06-14 13:07:19.177' into text field 'xpath=//*[@id="t_demandes"]/thead/tr[2]/th[4]/input'.</msg>
<status status="PASS" starttime="20190614 13:12:51.616" endtime="20190614 13:12:52.001"></status>
</kw>
<kw name="Clear Element Text" library="SeleniumLibrary">
<doc>Clears the value of text entry element identified by ``locator``.</doc>
<arguments>
<arg>xpath=//*[@id="t_demandes"]/thead/tr[2]/th[8]/input</arg>
</arguments>
<status status="PASS" starttime="20190614 13:12:52.002" endtime="20190614 13:12:52.039"></status>
</kw>
<kw name="Input Text" library="SeleniumLibrary">
<doc>Types the given ``text`` into text field identified by ``locator``.</doc>
<arguments>
<arg>xpath=//*[@id="t_demandes"]/thead/tr[2]/th[8]/input</arg>
<arg>Réalisation</arg>
</arguments>
<msg timestamp="20190614 13:12:52.039" level="INFO">Typing text 'Réalisation' into text field 'xpath=//*[@id="t_demandes"]/thead/tr[2]/th[8]/input'.</msg>
<status status="PASS" starttime="20190614 13:12:52.039" endtime="20190614 13:12:52.230"></status>
</kw>
<status status="PASS" starttime="20190614 13:12:51.553" endtime="20190614 13:12:52.230"></status>
</kw>
<status status="PASS" starttime="20190614 13:12:51.552" endtime="20190614 13:12:52.230"></status>
</kw>
<tags>
<tag>3</tag>
</tags>
<status status="PASS" starttime="20190614 13:11:00.396" endtime="20190614 13:12:52.231" critical="yes"></status>
</test>
<test id="s1-t4" name="Réalisation">
[...]
<arguments>
<arg>Element Should Be Visible</arg>
<arg>xpath:/html/body/div[2]/div[4]/div[1]/div</arg>
</arguments>
<assign>
<var>${isvisible}</var>
</assign>
<kw name="Element Should Be Visible" library="SeleniumLibrary">
<doc>Verifies that the element identified by ``locator`` is visible.</doc>
<arguments>
<arg>xpath:/html/body/div[2]/div[4]/div[1]/div</arg>
</arguments>
<kw name="Capture Page Screenshot" library="SeleniumLibrary">
<doc>Takes screenshot of the current page and embeds it into log file.</doc>
<msg timestamp="20190614 13:15:28.859" level="INFO" html="yes">&lt;/td&gt;&lt;/tr&gt;&lt;tr&gt;&lt;td colspan="3"&gt;&lt;a href="selenium-screenshot-20.png"&gt;&lt;img src="selenium-screenshot-20.png" width="800px"&gt;&lt;/a&gt;</msg>
<status status="PASS" starttime="20190614 13:15:28.489" endtime="20190614 13:15:28.859"></status>
</kw>
<msg timestamp="20190614 13:15:28.875" level="FAIL">The element 'xpath:/html/body/div[2]/div[4]/div[1]/div' should be visible, but it is not.</msg>
<status status="FAIL" starttime="20190614 13:15:28.457" endtime="20190614 13:15:28.875"></status>
</kw>
<msg timestamp="20190614 13:15:28.875" level="INFO">${isvisible} = False</msg>
<status status="PASS" starttime="20190614 13:15:28.457" endtime="20190614 13:15:28.875"></status>
</kw>
<kw name="Run Keyword If" library="BuiltIn">
<doc>Runs the given keyword with the given arguments, if ``condition`` is true.</doc>
<arguments>
<arg>${isvisible}</arg>
<arg>Clicker sur fermer</arg>
</arguments>
<status status="PASS" starttime="20190614 13:15:28.875" endtime="20190614 13:15:28.875"></status>
</kw>
<status status="PASS" starttime="20190614 13:15:28.457" endtime="20190614 13:15:28.875"></status>
</kw>
<status status="PASS" starttime="20190614 13:15:24.294" endtime="20190614 13:15:28.875"></status>
</kw>
<kw name="selectionner le projet avec le status Déposée" library="Réalisation_ressource">
<arguments>
<arg>${INTITULE_PROJET}</arg>
</arguments>
<kw name="Input Text" library="SeleniumLibrary">
<doc>Types the given ``text`` into text field identified by ``locator``.</doc>
<arguments>
<arg>xpath=//*[@id="t_demandes"]/thead/tr[2]/th[4]/input</arg>
<arg>${INTITULE_PROJET}</arg>
</arguments>
<msg timestamp="20190614 13:15:28.875" level="INFO">Typing text '2019-06-14 13:07:19.177' into text field 'xpath=//*[@id="t_demandes"]/thead/tr[2]/th[4]/input'.</msg>
<status status="PASS" starttime="20190614 13:15:28.875" endtime="20190614 13:15:29.412"></status>
</kw>
<kw name="Sleep" library="BuiltIn">
<doc>Pauses the test executed for the given time.</doc>
<arguments>
<arg>3s</arg>
</arguments>
<msg timestamp="20190614 13:15:32.420" level="INFO">Slept 3 seconds</msg>
<status status="PASS" starttime="20190614 13:15:29.413" endtime="20190614 13:15:32.420"></status>
</kw>
<status status="PASS" starttime="20190614 13:15:28.875" endtime="20190614 13:15:32.420"></status>
</kw>
<kw name="Clicker sur action" library="Réalisation_ressource">
<kw name="Execute Javascript" library="SeleniumLibrary">
<doc>Executes the given JavaScript code with possible arguments.</doc>
<arguments>
<arg>window.scrollTo(1000, 1000);</arg>
</arguments>
<msg timestamp="20190614 13:15:32.420" level="INFO">Executing JavaScript:
window.scrollTo(1000, 1000);
Without any arguments.</msg>
<status status="PASS" starttime="20190614 13:15:32.420" endtime="20190614 13:15:32.421"></status>
</kw>
<kw name="Click Element" library="SeleniumLibrary">
<doc>Click element identified by ``locator``.</doc>
<arguments>
<arg>xpath=//*[@id="t_demandes"]/tbody/tr[1]/td[9]/a</arg>
</arguments>
<msg timestamp="20190614 13:15:32.421" level="INFO">Clicking element 'xpath=//*[@id="t_demandes"]/tbody/tr[1]/td[9]/a'.</msg>
<status status="PASS" starttime="20190614 13:15:32.421" endtime="20190614 13:15:46.720"></status>
</kw>
<status status="PASS" starttime="20190614 13:15:32.420" endtime="20190614 13:15:46.720"></status>
</kw>
<kw name="Aller dans Pilotage" library="Réalisation_ressource">
<kw name="Wait Until Page Contains Element" library="SeleniumLibrary">
<doc>Waits until element ``locator`` appears on current page.</doc>
<arguments>
<arg>xpath=//a[.='Pilotage']</arg>
<arg>10s</arg>
</arguments>
<status status="PASS" starttime="20190614 13:15:46.721" endtime="20190614 13:15:46.812"></status>
</kw>
<kw name="Click Element" library="SeleniumLibrary">
<doc>Click element identified by ``locator``.</doc>
<arguments>
<arg>xpath=//a[.='Pilotage']</arg>
</arguments>
<msg timestamp="20190614 13:15:46.813" level="INFO">Clicking element 'xpath=//a[.='Pilotage']'.</msg>
<status status="PASS" starttime="20190614 13:15:46.812" endtime="20190614 13:16:12.806"></status>
</kw>
<status status="PASS" starttime="20190614 13:15:46.720" endtime="20190614 13:16:12.806"></status>
</kw>
<status status="PASS" starttime="20190614 13:14:42.073" endtime="20190614 13:16:12.806"></status>
</kw>
<kw name="Livraison Stockage" library="Réalisation">
<kw name="Livraison Réception" library="Réalisation_ressource">
<kw name="Execute Javascript" library="SeleniumLibrary">
<doc>Executes the given JavaScript code with possible arguments.</doc>
<arguments>
<arg>window.scrollTo(1000, 1000);</arg>
</arguments>
<msg timestamp="20190614 13:16:12.809" level="INFO">Executing JavaScript:
window.scrollTo(1000, 1000);
Without any arguments.</msg>
<status status="PASS" starttime="20190614 13:16:12.808" endtime="20190614 13:16:12.814"></status>
</kw>
<kw name="Select From List By Value" library="SeleniumLibrary">
<doc>Selects options from selection list ``locator`` by ``values``.</doc>
<arguments>
<arg>//select[@name="statut_livr_recption"]</arg>
<arg>ok</arg>
</arguments>
<msg timestamp="20190614 13:16:12.815" level="INFO">Selecting options from selection list '//select[@name="statut_livr_recption"]' by value ok.</msg>
<status status="PASS" starttime="20190614 13:16:12.814" endtime="20190614 13:16:12.978"></status>
</kw>
<kw name="Input Text" library="SeleniumLibrary">
<doc>Types the given ``text`` into text field identified by ``locator``.</doc>
<arguments>
<arg>xpath://input[@name='date_fin_livr_reception']</arg>
<arg>12/04/2019</arg>
</arguments>
<msg timestamp="20190614 13:16:12.978" level="INFO">Typing text '12/04/2019' into text field 'xpath://input[@name='date_fin_livr_reception']'.</msg>
<status status="PASS" starttime="20190614 13:16:12.978" endtime="20190614 13:16:13.222"></status>
</kw>
<status status="PASS" starttime="20190614 13:16:12.807" endtime="20190614 13:16:13.223"></status>
</kw>
<kw name="Enregistrer pilotage" library="Réalisation_ressource">
<kw name="Execute Javascript" library="SeleniumLibrary">
<doc>Executes the given JavaScript code with possible arguments.</doc>
<arguments>
<arg>window.scrollTo(1000, 1000);</arg>
</arguments>
<msg timestamp="20190614 13:16:13.225" level="INFO">Executing JavaScript:
window.scrollTo(1000, 1000);
Without any arguments.</msg>
<status status="PASS" starttime="20190614 13:16:13.224" endtime="20190614 13:16:13.230"></status>
</kw>
<kw name="Click Element" library="SeleniumLibrary">
<doc>Click element identified by ``locator``.</doc>
<arguments>
<arg>xpath=//input[@name='save']</arg>
</arguments>
<msg timestamp="20190614 13:16:13.230" level="INFO">Clicking element 'xpath=//input[@name='save']'.</msg>
<status status="PASS" starttime="20190614 13:16:13.230" endtime="20190614 13:16:25.343"></status>
</kw>
<status status="PASS" starttime="20190614 13:16:13.223" endtime="20190614 13:16:25.343"></status>
</kw>
<status status="PASS" starttime="20190614 13:16:12.807" endtime="20190614 13:16:25.343"></status>
</kw>
<kw name="Rackage/Câblage/Autres SWANs" library="Réalisation">
<kw name="Rackage" library="Réalisation_ressource">
<kw name="Select From List By Value" library="SeleniumLibrary">
<doc>Selects options from selection list ``locator`` by ``values``.</doc>
<arguments>
<arg>//select[@name="statut_rackage"]</arg>
<arg>ok</arg>
</arguments>
<msg timestamp="20190614 13:16:25.346" level="INFO">Selecting options from selection list '//select[@name="statut_rackage"]' by value ok.</msg>
<status status="PASS" starttime="20190614 13:16:25.345" endtime="20190614 13:16:25.497"></status>
</kw>
<kw name="Input Text" library="SeleniumLibrary">
<doc>Types the given ``text`` into text field identified by ``locator``.</doc>
<arguments>
<arg>xpath://input[@name='date_fin_prev_rackage']</arg>
<arg>13/04/2019</arg>
</arguments>
<msg timestamp="20190614 13:16:25.497" level="INFO">Typing text '13/04/2019' into text field 'xpath://input[@name='date_fin_prev_rackage']'.</msg>
<status status="PASS" starttime="20190614 13:16:25.497" endtime="20190614 13:16:25.871"></status>
</kw>
<status status="PASS" starttime="20190614 13:16:25.344" endtime="20190614 13:16:25.871"></status>
</kw>
<kw name="Jarretièrage" library="Réalisation_ressource">
<kw name="Select From List By Value" library="SeleniumLibrary">
<doc>Selects options from selection list ``locator`` by ``values``.</doc>
<arguments>
<arg>//select[@name="statut_jarretierage"]</arg>
<arg>ok</arg>
</arguments>
<msg timestamp="20190614 13:16:25.873" level="INFO">Selecting options from selection list '//select[@name="statut_jarretierage"]' by value ok.</msg>
<status status="PASS" starttime="20190614 13:16:25.873" endtime="20190614 13:16:26.001"></status>
</kw>
<kw name="Input Text" library="SeleniumLibrary">
<doc>Types the given ``text`` into text field identified by ``locator``.</doc>
<arguments>
<arg>xpath://input[@name='date_fin_prev_jarretierage']</arg>
<arg>13/04/2019</arg>
</arguments>
<msg timestamp="20190614 13:16:26.002" level="INFO">Typing text '13/04/2019' into text field 'xpath://input[@name='date_fin_prev_jarretierage']'.</msg>
<status status="PASS" starttime="20190614 13:16:26.001" endtime="20190614 13:16:26.412"></status>
</kw>
<status status="PASS" starttime="20190614 13:16:25.872" endtime="20190614 13:16:26.412"></status>
</kw>
<kw name="Autres SWAN" library="Réalisation_ressource">
<kw name="Execute Javascript" library="SeleniumLibrary">
<doc>Executes the given JavaScript code with possible arguments.</doc>
<arguments>
<arg>window.scrollTo(1000, 1000);</arg>
</arguments>
<msg timestamp="20190614 13:16:26.416" level="INFO">Executing JavaScript:
window.scrollTo(1000, 1000);
Without any arguments.</msg>
<status status="PASS" starttime="20190614 13:16:26.413" endtime="20190614 13:16:26.423"></status>
</kw>
<kw name="Select From List By Value" library="SeleniumLibrary">
<doc>Selects options from selection list ``locator`` by ``values``.</doc>
<arguments>
<arg>//select[@name="statut_autre_swan"]</arg>
<arg>ok</arg>
</arguments>
<msg timestamp="20190614 13:16:26.424" level="INFO">Selecting options from selection list '//select[@name="statut_autre_swan"]' by value ok.</msg>
<status status="PASS" starttime="20190614 13:16:26.424" endtime="20190614 13:16:26.540"></status>
</kw>
<kw name="Input Text" library="SeleniumLibrary">
<doc>Types the given ``text`` into text field identified by ``locator``.</doc>
<arguments>
<arg>xpath://input[@name='date_fin_prev_autre_swan']</arg>
<arg>13/04/2019</arg>
</arguments>
<msg timestamp="20190614 13:16:26.541" level="INFO">Typing text '13/04/2019' into text field 'xpath://input[@name='date_fin_prev_autre_swan']'.</msg>
<status status="PASS" starttime="20190614 13:16:26.540" endtime="20190614 13:16:26.888"></status>
</kw>
<status status="PASS" starttime="20190614 13:16:26.412" endtime="20190614 13:16:26.889"></status>
</kw>
<kw name="Enregistrer pilotage" library="Réalisation_ressource">
<kw name="Execute Javascript" library="SeleniumLibrary">
<doc>Executes the given JavaScript code with possible arguments.</doc>
<arguments>
<arg>window.scrollTo(1000, 1000);</arg>
</arguments>
<msg timestamp="20190614 13:16:26.892" level="INFO">Executing JavaScript:
window.scrollTo(1000, 1000);
Without any arguments.</msg>
<status status="PASS" starttime="20190614 13:16:26.890" endtime="20190614 13:16:26.899"></status>
</kw>
<kw name="Click Element" library="SeleniumLibrary">
<doc>Click element identified by ``locator``.</doc>
<arguments>
<arg>xpath=//input[@name='save']</arg>
</arguments>
<msg timestamp="20190614 13:16:26.899" level="INFO">Clicking element 'xpath=//input[@name='save']'.</msg>
<status status="PASS" starttime="20190614 13:16:26.899" endtime="20190614 13:16:39.040"></status>
</kw>
<status status="PASS" starttime="20190614 13:16:26.889" endtime="20190614 13:16:39.040"></status>
</kw>
<status status="PASS" starttime="20190614 13:16:25.344" endtime="20190614 13:16:39.040"></status>
</kw>
<tags>
<tag>4</tag>
</tags>
<status status="PASS" starttime="20190614 13:12:52.233" endtime="20190614 13:16:39.041" critical="yes"></status>
</test>
<test id="s1-t5" name="RECETTE FERMEE">
<kw name="Recette" library="Réalisation">
<kw name="Recette En cour" library="Réalisation_ressource">
<kw name="Execute Javascript" library="SeleniumLibrary">
<doc>Executes the given JavaScript code with possible arguments.</doc>
<arguments>
<arg>window.scrollTo(1000, 1000);</arg>
</arguments>
<msg timestamp="20190614 13:16:39.058" level="INFO">Executing JavaScript:
window.scrollTo(1000, 1000);
Without any arguments.</msg>
<status status="PASS" starttime="20190614 13:16:39.053" endtime="20190614 13:16:39.130"></status>
</kw>
<kw name="Select From List By Value" library="SeleniumLibrary">
<doc>Selects options from selection list ``locator`` by ``values``.</doc>
<arguments>
<arg>//select[@name="statut_recette"]</arg>
<arg>en_cours</arg>
</arguments>
<msg timestamp="20190614 13:16:39.132" level="INFO">Selecting options from selection list '//select[@name="statut_recette"]' by value en_cours.</msg>
<status status="PASS" starttime="20190614 13:16:39.131" endtime="20190614 13:16:39.283"></status>
</kw>
<kw name="Input Text" library="SeleniumLibrary">
<doc>Types the given ``text`` into text field identified by ``locator``.</doc>
<arguments>
<arg>name=date_fin_prev_recette</arg>
<arg>02/04/2019</arg>
</arguments>
<msg timestamp="20190614 13:16:39.284" level="INFO">Typing text '02/04/2019' into text field 'name=date_fin_prev_recette'.</msg>
<status status="PASS" starttime="20190614 13:16:39.284" endtime="20190614 13:16:39.645"></status>
</kw>
<status status="PASS" starttime="20190614 13:16:39.052" endtime="20190614 13:16:39.645"></status>
</kw>
<kw name="Enregistrer pilotage" library="Réalisation_ressource">
<kw name="Execute Javascript" library="SeleniumLibrary">
<doc>Executes the given JavaScript code with possible arguments.</doc>
<arguments>
<arg>window.scrollTo(1000, 1000);</arg>
</arguments>
<msg timestamp="20190614 13:16:39.648" level="INFO">Executing JavaScript:
window.scrollTo(1000, 1000);
Without any arguments.</msg>
<status status="PASS" starttime="20190614 13:16:39.646" endtime="20190614 13:16:39.654"></status>
</kw>
<kw name="Click Element" library="SeleniumLibrary">
<doc>Click element identified by ``locator``.</doc>
<arguments>
<arg>xpath=//input[@name='save']</arg>
</arguments>
<msg timestamp="20190614 13:16:39.655" level="INFO">Clicking element 'xpath=//input[@name='save']'.</msg>
<status status="PASS" starttime="20190614 13:16:39.654" endtime="20190614 13:16:51.627"></status>
</kw>
<status status="PASS" starttime="20190614 13:16:39.645" endtime="20190614 13:16:51.627"></status>
</kw>
<kw name="Recette OK" library="Réalisation_ressource">
<kw name="Execute Javascript" library="SeleniumLibrary">
<doc>Executes the given JavaScript code with possible arguments.</doc>
<arguments>
<arg>window.scrollTo(1000, 1000);</arg>
</arguments>
<msg timestamp="20190614 13:16:51.629" level="INFO">Executing JavaScript:
window.scrollTo(1000, 1000);
Without any arguments.</msg>
<status status="PASS" starttime="20190614 13:16:51.628" endtime="20190614 13:16:51.637"></status>
</kw>
<kw name="Select From List By Value" library="SeleniumLibrary">
<doc>Selects options from selection list ``locator`` by ``values``.</doc>
<arguments>
<arg>//select[@name="statut_recette"]</arg>
<arg>ok</arg>
</arguments>
<msg timestamp="20190614 13:16:51.638" level="INFO">Selecting options from selection list '//select[@name="statut_recette"]' by value ok.</msg>
<status status="PASS" starttime="20190614 13:16:51.638" endtime="20190614 13:16:51.771"></status>
</kw>
<kw name="Input Text" library="SeleniumLibrary">
<doc>Types the given ``text`` into text field identified by ``locator``.</doc>
<arguments>
<arg>xpath://input[@name='date_fin_prev_recette']</arg>
<arg>02/04/2019</arg>
</arguments>
<msg timestamp="20190614 13:16:51.771" level="INFO">Typing text '02/04/2019' into text field 'xpath://input[@name='date_fin_prev_recette']'.</msg>
<status status="PASS" starttime="20190614 13:16:51.771" endtime="20190614 13:16:52.033"></status>
</kw>
<status status="PASS" starttime="20190614 13:16:51.627" endtime="20190614 13:16:52.033"></status>
</kw>
<kw name="Enregistrer pilotage" library="Réalisation_ressource">
<kw name="Execute Javascript" library="SeleniumLibrary">
<doc>Executes the given JavaScript code with possible arguments.</doc>
<arguments>
<arg>window.scrollTo(1000, 1000);</arg>
</arguments>
<msg timestamp="20190614 13:16:52.035" level="INFO">Executing JavaScript:
window.scrollTo(1000, 1000);
Without any arguments.</msg>
<status status="PASS" starttime="20190614 13:16:52.034" endtime="20190614 13:16:52.040"></status>
</kw>
<kw name="Click Element" library="SeleniumLibrary">
<doc>Click element identified by ``locator``.</doc>
<arguments>
<arg>xpath=//input[@name='save']</arg>
</arguments>
<msg timestamp="20190614 13:16:52.040" level="INFO">Clicking element 'xpath=//input[@name='save']'.</msg>
<status status="PASS" starttime="20190614 13:16:52.040" endtime="20190614 13:17:04.104"></status>
</kw>
<status status="PASS" starttime="20190614 13:16:52.033" endtime="20190614 13:17:04.105"></status>
</kw>
<status status="PASS" starttime="20190614 13:16:39.048" endtime="20190614 13:17:04.105"></status>
</kw>
<kw name="Cloturer" library="Réalisation">
<kw name="Cloturer" library="Réalisation_ressource">
<kw name="Execute Javascript" library="SeleniumLibrary">
<doc>Executes the given JavaScript code with possible arguments.</doc>
<arguments>
<arg>window.scrollTo(1000, 1000);</arg>
</arguments>
<msg timestamp="20190614 13:17:04.110" level="INFO">Executing JavaScript:
window.scrollTo(1000, 1000);
Without any arguments.</msg>
<status status="PASS" starttime="20190614 13:17:04.107" endtime="20190614 13:17:04.148"></status>
</kw>
<kw name="Click Element" library="SeleniumLibrary">
<doc>Click element identified by ``locator``.</doc>
<arguments>
<arg>xpath=/html/body/main/div/form/a[2]</arg>
</arguments>
<msg timestamp="20190614 13:17:04.148" level="INFO">Clicking element 'xpath=/html/body/main/div/form/a[2]'.</msg>
<status status="PASS" starttime="20190614 13:17:04.148" endtime="20190614 13:17:20.601"></status>
</kw>
<status status="PASS" starttime="20190614 13:17:04.107" endtime="20190614 13:17:20.602"></status>
</kw>
<status status="PASS" starttime="20190614 13:17:04.106" endtime="20190614 13:17:20.602"></status>
</kw>
<tags>
<tag>5</tag>
</tags>
<status status="PASS" starttime="20190614 13:16:39.044" endtime="20190614 13:17:20.617" critical="yes"></status>
</test>
<kw name="End Web Test" library="commun" type="teardown">
<kw name="Close Browser" library="SeleniumLibrary">
<doc>Closes the current browser.</doc>
<status status="PASS" starttime="20190614 13:17:20.627" endtime="20190614 13:17:23.271"></status>
</kw>
<status status="PASS" starttime="20190614 13:17:20.626" endtime="20190614 13:17:23.271"></status>
</kw>
<status status="PASS" starttime="20190614 13:07:14.228" endtime="20190614 13:17:23.271"></status>
</suite>
<statistics>
<total>
<stat pass="5" fail="0">Critical Tests</stat>
<stat pass="5" fail="0">All Tests</stat>
</total>
<tag>
<stat pass="1" fail="0">1</stat>
<stat pass="1" fail="0">2</stat>
<stat pass="1" fail="0">3</stat>
<stat pass="1" fail="0">4</stat>
<stat pass="1" fail="0">5</stat>
</tag>
<suite>
<stat pass="5" fail="0" id="s1" name="Groupe1">Groupe1</stat>
</suite>
</statistics>
<errors>
</errors>
</robot>
